[0.430s] DEBUG:colcon:Command line arguments: ['/usr/bin/colcon', 'build', '--packages-select', 'ros2_app_py', '--symlink-install']
[0.430s] DEBUG:colcon:Parsed command line arguments: Namespace(allow_overriding=[], ament_cmake_args=None, base_paths=['.'], build_base='build', catkin_cmake_args=None, catkin_skip_building_tests=False, cmake_args=None, cmake_clean_cache=False, cmake_clean_first=False, cmake_force_configure=False, cmake_target=None, cmake_target_skip_unavailable=False, continue_on_error=False, event_handlers=None, executor='parallel', ignore_user_meta=False, install_base='install', log_base=None, log_level=None, main=<bound method BuildVerb.main of <colcon_core.verb.build.BuildVerb object at 0x7f89d48ed130>>, merge_install=False, metas=['./colcon.meta'], packages_above=None, packages_above_and_dependencies=None, packages_above_depth=None, packages_end=None, packages_ignore=None, packages_ignore_regex=None, packages_select=['ros2_app_py'], packages_select_build_failed=False, packages_select_by_dep=None, packages_select_regex=None, packages_select_test_failures=False, packages_skip=None, packages_skip_build_finished=False, packages_skip_by_dep=None, packages_skip_regex=None, packages_skip_test_passed=False, packages_skip_up_to=None, packages_start=None, packages_up_to=None, packages_up_to_regex=None, parallel_workers=4, paths=None, symlink_install=True, test_result_base=None, verb_extension=<colcon_core.verb.build.BuildVerb object at 0x7f89d48ed130>, verb_name='build', verb_parser=<colcon_defaults.argument_parser.defaults.DefaultArgumentsDecorator object at 0x7f89d48ed670>)
[0.465s] Level 1:colcon.colcon_core.package_discovery:discover_packages(colcon_meta) check parameters
[0.466s] Level 1:colcon.colcon_core.package_discovery:discover_packages(recursive) check parameters
[0.466s] Level 1:colcon.colcon_core.package_discovery:discover_packages(ignore) check parameters
[0.466s] Level 1:colcon.colcon_core.package_discovery:discover_packages(path) check parameters
[0.466s] Level 1:colcon.colcon_core.package_discovery:discover_packages(colcon_meta) discover
[0.466s] Level 1:colcon.colcon_core.package_discovery:discover_packages(recursive) discover
[0.466s] INFO:colcon.colcon_core.package_discovery:Crawling recursively for packages in '/home/harry5081/Learn/practice_and_grow/ROS2_Udemy/ros2_ws'
[0.466s] Level 1:colcon.colcon_core.package_identification:_identify(.) by extensions ['ignore', 'ignore_ament_install']
[0.466s] Level 1:colcon.colcon_core.package_identification:_identify(.) by extension 'ignore'
[0.466s] Level 1:colcon.colcon_core.package_identification:_identify(.) by extension 'ignore_ament_install'
[0.467s] Level 1:colcon.colcon_core.package_identification:_identify(.) by extensions ['colcon_pkg']
[0.467s] Level 1:colcon.colcon_core.package_identification:_identify(.) by extension 'colcon_pkg'
[0.467s] Level 1:colcon.colcon_core.package_identification:_identify(.) by extensions ['colcon_meta']
[0.467s] Level 1:colcon.colcon_core.package_identification:_identify(.) by extension 'colcon_meta'
[0.467s] Level 1:colcon.colcon_core.package_identification:_identify(.) by extensions ['ros']
[0.467s] Level 1:colcon.colcon_core.package_identification:_identify(.) by extension 'ros'
[0.495s] Level 1:colcon.colcon_core.package_identification:_identify(.) by extensions ['cmake', 'python']
[0.495s] Level 1:colcon.colcon_core.package_identification:_identify(.) by extension 'cmake'
[0.495s] Level 1:colcon.colcon_core.package_identification:_identify(.) by extension 'python'
[0.495s] Level 1:colcon.colcon_core.package_identification:_identify(.) by extensions ['python_setup_py']
[0.496s] Level 1:colcon.colcon_core.package_identification:_identify(.) by extension 'python_setup_py'
[0.496s] Level 1:colcon.colcon_core.package_identification:_identify(build) by extensions ['ignore', 'ignore_ament_install']
[0.496s] Level 1:colcon.colcon_core.package_identification:_identify(build) by extension 'ignore'
[0.496s] Level 1:colcon.colcon_core.package_identification:_identify(build) ignored
[0.496s] Level 1:colcon.colcon_core.package_identification:_identify(install) by extensions ['ignore', 'ignore_ament_install']
[0.496s] Level 1:colcon.colcon_core.package_identification:_identify(install) by extension 'ignore'
[0.496s] Level 1:colcon.colcon_core.package_identification:_identify(install) ignored
[0.497s] Level 1:colcon.colcon_core.package_identification:_identify(log) by extensions ['ignore', 'ignore_ament_install']
[0.497s] Level 1:colcon.colcon_core.package_identification:_identify(log) by extension 'ignore'
[0.497s] Level 1:colcon.colcon_core.package_identification:_identify(log) ignored
[0.497s] Level 1:colcon.colcon_core.package_identification:_identify(src) by extensions ['ignore', 'ignore_ament_install']
[0.497s] Level 1:colcon.colcon_core.package_identification:_identify(src) by extension 'ignore'
[0.497s] Level 1:colcon.colcon_core.package_identification:_identify(src) by extension 'ignore_ament_install'
[0.497s] Level 1:colcon.colcon_core.package_identification:_identify(src) by extensions ['colcon_pkg']
[0.497s] Level 1:colcon.colcon_core.package_identification:_identify(src) by extension 'colcon_pkg'
[0.497s] Level 1:colcon.colcon_core.package_identification:_identify(src) by extensions ['colcon_meta']
[0.497s] Level 1:colcon.colcon_core.package_identification:_identify(src) by extension 'colcon_meta'
[0.498s] Level 1:colcon.colcon_core.package_identification:_identify(src) by extensions ['ros']
[0.498s] Level 1:colcon.colcon_core.package_identification:_identify(src) by extension 'ros'
[0.498s] Level 1:colcon.colcon_core.package_identification:_identify(src) by extensions ['cmake', 'python']
[0.498s] Level 1:colcon.colcon_core.package_identification:_identify(src) by extension 'cmake'
[0.498s] Level 1:colcon.colcon_core.package_identification:_identify(src) by extension 'python'
[0.498s] Level 1:colcon.colcon_core.package_identification:_identify(src) by extensions ['python_setup_py']
[0.498s] Level 1:colcon.colcon_core.package_identification:_identify(src) by extension 'python_setup_py'
[0.498s] Level 1:colcon.colcon_core.package_identification:_identify(src/build) by extensions ['ignore', 'ignore_ament_install']
[0.498s] Level 1:colcon.colcon_core.package_identification:_identify(src/build) by extension 'ignore'
[0.498s] Level 1:colcon.colcon_core.package_identification:_identify(src/build) ignored
[0.498s] Level 1:colcon.colcon_core.package_identification:_identify(src/install) by extensions ['ignore', 'ignore_ament_install']
[0.499s] Level 1:colcon.colcon_core.package_identification:_identify(src/install) by extension 'ignore'
[0.499s] Level 1:colcon.colcon_core.package_identification:_identify(src/install) ignored
[0.499s] Level 1:colcon.colcon_core.package_identification:_identify(src/log) by extensions ['ignore', 'ignore_ament_install']
[0.499s] Level 1:colcon.colcon_core.package_identification:_identify(src/log) by extension 'ignore'
[0.499s] Level 1:colcon.colcon_core.package_identification:_identify(src/log) ignored
[0.499s] Level 1:colcon.colcon_core.package_identification:_identify(src/ros2_app_cpp) by extensions ['ignore', 'ignore_ament_install']
[0.499s] Level 1:colcon.colcon_core.package_identification:_identify(src/ros2_app_cpp) by extension 'ignore'
[0.499s] Level 1:colcon.colcon_core.package_identification:_identify(src/ros2_app_cpp) by extension 'ignore_ament_install'
[0.499s] Level 1:colcon.colcon_core.package_identification:_identify(src/ros2_app_cpp) by extensions ['colcon_pkg']
[0.500s] Level 1:colcon.colcon_core.package_identification:_identify(src/ros2_app_cpp) by extension 'colcon_pkg'
[0.500s] Level 1:colcon.colcon_core.package_identification:_identify(src/ros2_app_cpp) by extensions ['colcon_meta']
[0.500s] Level 1:colcon.colcon_core.package_identification:_identify(src/ros2_app_cpp) by extension 'colcon_meta'
[0.500s] Level 1:colcon.colcon_core.package_identification:_identify(src/ros2_app_cpp) by extensions ['ros']
[0.500s] Level 1:colcon.colcon_core.package_identification:_identify(src/ros2_app_cpp) by extension 'ros'
[0.503s] DEBUG:colcon.colcon_core.package_identification:Package 'src/ros2_app_cpp' with type 'ros.ament_cmake' and name 'ros2_app_cpp'
[0.503s] Level 1:colcon.colcon_core.package_identification:_identify(src/ros2_app_py) by extensions ['ignore', 'ignore_ament_install']
[0.504s] Level 1:colcon.colcon_core.package_identification:_identify(src/ros2_app_py) by extension 'ignore'
[0.504s] Level 1:colcon.colcon_core.package_identification:_identify(src/ros2_app_py) by extension 'ignore_ament_install'
[0.504s] Level 1:colcon.colcon_core.package_identification:_identify(src/ros2_app_py) by extensions ['colcon_pkg']
[0.504s] Level 1:colcon.colcon_core.package_identification:_identify(src/ros2_app_py) by extension 'colcon_pkg'
[0.504s] Level 1:colcon.colcon_core.package_identification:_identify(src/ros2_app_py) by extensions ['colcon_meta']
[0.504s] Level 1:colcon.colcon_core.package_identification:_identify(src/ros2_app_py) by extension 'colcon_meta'
[0.504s] Level 1:colcon.colcon_core.package_identification:_identify(src/ros2_app_py) by extensions ['ros']
[0.504s] Level 1:colcon.colcon_core.package_identification:_identify(src/ros2_app_py) by extension 'ros'
[0.505s] DEBUG:colcon.colcon_core.package_identification:Package 'src/ros2_app_py' with type 'ros.ament_python' and name 'ros2_app_py'
[0.505s] Level 1:colcon.colcon_core.package_discovery:discover_packages(recursive) using defaults
[0.505s] Level 1:colcon.colcon_core.package_discovery:discover_packages(ignore) discover
[0.505s] Level 1:colcon.colcon_core.package_discovery:discover_packages(ignore) using defaults
[0.506s] Level 1:colcon.colcon_core.package_discovery:discover_packages(path) discover
[0.506s] Level 1:colcon.colcon_core.package_discovery:discover_packages(path) using defaults
[0.533s] INFO:colcon.colcon_core.package_selection:Skipping not selected package 'ros2_app_cpp' in 'src/ros2_app_cpp'
[0.534s] Level 1:colcon.colcon_core.package_discovery:discover_packages(prefix_path) check parameters
[0.534s] Level 1:colcon.colcon_core.package_discovery:discover_packages(prefix_path) discover
[0.538s] DEBUG:colcon.colcon_installed_package_information.package_discovery:Found 2 installed packages in /home/harry5081/Learn/practice_and_grow/ROS2_Udemy/ros2_ws/install
[0.540s] DEBUG:colcon.colcon_installed_package_information.package_discovery:Found 2 installed packages in /home/harry5081/Learn/practice_and_grow/ROS2_Udemy/ros2_ws/src/install
[0.542s] DEBUG:colcon.colcon_installed_package_information.package_discovery:Found 258 installed packages in /opt/ros/foxy
[0.544s] Level 1:colcon.colcon_core.package_discovery:discover_packages(prefix_path) using defaults
[0.639s] Level 5:colcon.colcon_core.verb:set package 'ros2_app_py' build argument 'cmake_args' from command line to 'None'
[0.639s] Level 5:colcon.colcon_core.verb:set package 'ros2_app_py' build argument 'cmake_target' from command line to 'None'
[0.639s] Level 5:colcon.colcon_core.verb:set package 'ros2_app_py' build argument 'cmake_target_skip_unavailable' from command line to 'False'
[0.639s] Level 5:colcon.colcon_core.verb:set package 'ros2_app_py' build argument 'cmake_clean_cache' from command line to 'False'
[0.639s] Level 5:colcon.colcon_core.verb:set package 'ros2_app_py' build argument 'cmake_clean_first' from command line to 'False'
[0.639s] Level 5:colcon.colcon_core.verb:set package 'ros2_app_py' build argument 'cmake_force_configure' from command line to 'False'
[0.639s] Level 5:colcon.colcon_core.verb:set package 'ros2_app_py' build argument 'ament_cmake_args' from command line to 'None'
[0.639s] Level 5:colcon.colcon_core.verb:set package 'ros2_app_py' build argument 'catkin_cmake_args' from command line to 'None'
[0.639s] Level 5:colcon.colcon_core.verb:set package 'ros2_app_py' build argument 'catkin_skip_building_tests' from command line to 'False'
[0.639s] DEBUG:colcon.colcon_core.verb:Building package 'ros2_app_py' with the following arguments: {'ament_cmake_args': None, 'build_base': '/home/harry5081/Learn/practice_and_grow/ROS2_Udemy/ros2_ws/build/ros2_app_py', 'catkin_cmake_args': None, 'catkin_skip_building_tests': False, 'cmake_args': None, 'cmake_clean_cache': False, 'cmake_clean_first': False, 'cmake_force_configure': False, 'cmake_target': None, 'cmake_target_skip_unavailable': False, 'install_base': '/home/harry5081/Learn/practice_and_grow/ROS2_Udemy/ros2_ws/install/ros2_app_py', 'merge_install': False, 'path': '/home/harry5081/Learn/practice_and_grow/ROS2_Udemy/ros2_ws/src/ros2_app_py', 'symlink_install': True, 'test_result_base': None}
[0.640s] INFO:colcon.colcon_core.executor:Executing jobs using 'parallel' executor
[0.645s] DEBUG:colcon.colcon_parallel_executor.executor.parallel:run_until_complete
[0.646s] INFO:colcon.colcon_ros.task.ament_python.build:Building ROS package in '/home/harry5081/Learn/practice_and_grow/ROS2_Udemy/ros2_ws/src/ros2_app_py' with build type 'ament_python'
[0.646s] Level 1:colcon.colcon_core.shell:create_environment_hook('ros2_app_py', 'ament_prefix_path')
[0.652s] INFO:colcon.colcon_core.plugin_system:Skipping extension 'colcon_core.shell.bat': Not used on non-Windows systems
[0.653s] INFO:colcon.colcon_core.shell:Creating environment hook '/home/harry5081/Learn/practice_and_grow/ROS2_Udemy/ros2_ws/install/ros2_app_py/share/ros2_app_py/hook/ament_prefix_path.ps1'
[0.654s] INFO:colcon.colcon_core.shell:Creating environment descriptor '/home/harry5081/Learn/practice_and_grow/ROS2_Udemy/ros2_ws/install/ros2_app_py/share/ros2_app_py/hook/ament_prefix_path.dsv'
[0.654s] INFO:colcon.colcon_core.shell:Creating environment hook '/home/harry5081/Learn/practice_and_grow/ROS2_Udemy/ros2_ws/install/ros2_app_py/share/ros2_app_py/hook/ament_prefix_path.sh'
[0.657s] INFO:colcon.colcon_core.shell:Skip shell extension 'powershell' for command environment: Not usable outside of PowerShell
[0.658s] DEBUG:colcon.colcon_core.shell:Skip shell extension 'dsv' for command environment
[0.998s] INFO:colcon.colcon_core.task.python.build:Building Python package in '/home/harry5081/Learn/practice_and_grow/ROS2_Udemy/ros2_ws/src/ros2_app_py'
[1.001s] INFO:colcon.colcon_core.shell:Skip shell extension 'powershell' for command environment: Not usable outside of PowerShell
[1.001s] DEBUG:colcon.colcon_core.shell:Skip shell extension 'dsv' for command environment
[1.619s] DEBUG:colcon.colcon_core.event_handler.log_command:Invoking command in '/home/harry5081/Learn/practice_and_grow/ROS2_Udemy/ros2_ws/build/ros2_app_py': PYTHONPATH=/home/harry5081/Learn/practice_and_grow/ROS2_Udemy/ros2_ws/build/ros2_app_py/prefix_override:/home/harry5081/Learn/practice_and_grow/ROS2_Udemy/ros2_ws/install/ros2_app_py/lib/python3.8/site-packages:${PYTHONPATH} /usr/bin/python3 setup.py develop --editable --build-directory /home/harry5081/Learn/practice_and_grow/ROS2_Udemy/ros2_ws/build/ros2_app_py/build --no-deps install_data
[2.291s] Level 1:colcon.colcon_core.shell:create_environment_hook('ros2_app_py', 'pythonpath_develop')
[2.293s] INFO:colcon.colcon_core.shell:Creating environment hook '/home/harry5081/Learn/practice_and_grow/ROS2_Udemy/ros2_ws/build/ros2_app_py/share/ros2_app_py/hook/pythonpath_develop.ps1'
[2.294s] DEBUG:colcon.colcon_core.event_handler.log_command:Invoked command in '/home/harry5081/Learn/practice_and_grow/ROS2_Udemy/ros2_ws/build/ros2_app_py' returned '0': PYTHONPATH=/home/harry5081/Learn/practice_and_grow/ROS2_Udemy/ros2_ws/build/ros2_app_py/prefix_override:/home/harry5081/Learn/practice_and_grow/ROS2_Udemy/ros2_ws/install/ros2_app_py/lib/python3.8/site-packages:${PYTHONPATH} /usr/bin/python3 setup.py develop --editable --build-directory /home/harry5081/Learn/practice_and_grow/ROS2_Udemy/ros2_ws/build/ros2_app_py/build --no-deps install_data
[2.295s] INFO:colcon.colcon_core.shell:Creating environment descriptor '/home/harry5081/Learn/practice_and_grow/ROS2_Udemy/ros2_ws/build/ros2_app_py/share/ros2_app_py/hook/pythonpath_develop.dsv'
[2.296s] INFO:colcon.colcon_core.shell:Creating environment hook '/home/harry5081/Learn/practice_and_grow/ROS2_Udemy/ros2_ws/build/ros2_app_py/share/ros2_app_py/hook/pythonpath_develop.sh'
[2.306s] Level 1:colcon.colcon_core.environment:checking '/home/harry5081/Learn/practice_and_grow/ROS2_Udemy/ros2_ws/install/ros2_app_py' for CMake module files
[2.306s] Level 1:colcon.colcon_core.environment:checking '/home/harry5081/Learn/practice_and_grow/ROS2_Udemy/ros2_ws/install/ros2_app_py' for CMake config files
[2.307s] Level 1:colcon.colcon_core.environment:checking '/home/harry5081/Learn/practice_and_grow/ROS2_Udemy/ros2_ws/install/ros2_app_py/lib'
[2.308s] Level 1:colcon.colcon_core.environment:checking '/home/harry5081/Learn/practice_and_grow/ROS2_Udemy/ros2_ws/install/ros2_app_py/bin'
[2.308s] Level 1:colcon.colcon_core.environment:checking '/home/harry5081/Learn/practice_and_grow/ROS2_Udemy/ros2_ws/install/ros2_app_py/lib/pkgconfig/ros2_app_py.pc'
[2.308s] Level 1:colcon.colcon_core.environment:checking '/home/harry5081/Learn/practice_and_grow/ROS2_Udemy/ros2_ws/install/ros2_app_py/lib/python3.8/site-packages'
[2.308s] Level 1:colcon.colcon_core.shell:create_environment_hook('ros2_app_py', 'pythonpath')
[2.310s] INFO:colcon.colcon_core.shell:Creating environment hook '/home/harry5081/Learn/practice_and_grow/ROS2_Udemy/ros2_ws/install/ros2_app_py/share/ros2_app_py/hook/pythonpath.ps1'
[2.311s] INFO:colcon.colcon_core.shell:Creating environment descriptor '/home/harry5081/Learn/practice_and_grow/ROS2_Udemy/ros2_ws/install/ros2_app_py/share/ros2_app_py/hook/pythonpath.dsv'
[2.311s] INFO:colcon.colcon_core.shell:Creating environment hook '/home/harry5081/Learn/practice_and_grow/ROS2_Udemy/ros2_ws/install/ros2_app_py/share/ros2_app_py/hook/pythonpath.sh'
[2.312s] Level 1:colcon.colcon_core.environment:checking '/home/harry5081/Learn/practice_and_grow/ROS2_Udemy/ros2_ws/install/ros2_app_py/bin'
[2.312s] Level 1:colcon.colcon_core.environment:create_environment_scripts_only(ros2_app_py)
[2.314s] INFO:colcon.colcon_core.shell:Creating package script '/home/harry5081/Learn/practice_and_grow/ROS2_Udemy/ros2_ws/install/ros2_app_py/share/ros2_app_py/package.ps1'
[2.315s] INFO:colcon.colcon_core.shell:Creating package descriptor '/home/harry5081/Learn/practice_and_grow/ROS2_Udemy/ros2_ws/install/ros2_app_py/share/ros2_app_py/package.dsv'
[2.316s] INFO:colcon.colcon_core.shell:Creating package script '/home/harry5081/Learn/practice_and_grow/ROS2_Udemy/ros2_ws/install/ros2_app_py/share/ros2_app_py/package.sh'
[2.317s] INFO:colcon.colcon_core.shell:Creating package script '/home/harry5081/Learn/practice_and_grow/ROS2_Udemy/ros2_ws/install/ros2_app_py/share/ros2_app_py/package.bash'
[2.318s] INFO:colcon.colcon_core.shell:Creating package script '/home/harry5081/Learn/practice_and_grow/ROS2_Udemy/ros2_ws/install/ros2_app_py/share/ros2_app_py/package.zsh'
[2.319s] Level 1:colcon.colcon_core.environment:create_file_with_runtime_dependencies(/home/harry5081/Learn/practice_and_grow/ROS2_Udemy/ros2_ws/install/ros2_app_py/share/colcon-core/packages/ros2_app_py)
[2.320s] DEBUG:colcon.colcon_parallel_executor.executor.parallel:closing loop
[2.321s] DEBUG:colcon.colcon_parallel_executor.executor.parallel:loop closed
[2.321s] DEBUG:colcon.colcon_parallel_executor.executor.parallel:run_until_complete finished with '0'
[2.321s] DEBUG:colcon.colcon_core.event_reactor:joining thread
[2.328s] INFO:colcon.colcon_core.plugin_system:Skipping extension 'colcon_notification.desktop_notification.terminal_notifier': Not used on non-Darwin systems
[2.328s] INFO:colcon.colcon_core.plugin_system:Skipping extension 'colcon_notification.desktop_notification.win32': Not used on non-Windows systems
[2.329s] INFO:colcon.colcon_notification.desktop_notification:Sending desktop notification using 'notify2'
[2.360s] DEBUG:colcon.colcon_core.event_reactor:joined thread
[2.362s] INFO:colcon.colcon_core.shell:Creating prefix script '/home/harry5081/Learn/practice_and_grow/ROS2_Udemy/ros2_ws/install/local_setup.ps1'
[2.363s] INFO:colcon.colcon_core.shell:Creating prefix util module '/home/harry5081/Learn/practice_and_grow/ROS2_Udemy/ros2_ws/install/_local_setup_util_ps1.py'
[2.366s] INFO:colcon.colcon_core.shell:Creating prefix chain script '/home/harry5081/Learn/practice_and_grow/ROS2_Udemy/ros2_ws/install/setup.ps1'
[2.368s] INFO:colcon.colcon_core.shell:Creating prefix script '/home/harry5081/Learn/practice_and_grow/ROS2_Udemy/ros2_ws/install/local_setup.sh'
[2.369s] INFO:colcon.colcon_core.shell:Creating prefix util module '/home/harry5081/Learn/practice_and_grow/ROS2_Udemy/ros2_ws/install/_local_setup_util_sh.py'
[2.370s] INFO:colcon.colcon_core.shell:Creating prefix chain script '/home/harry5081/Learn/practice_and_grow/ROS2_Udemy/ros2_ws/install/setup.sh'
[2.376s] INFO:colcon.colcon_core.shell:Creating prefix script '/home/harry5081/Learn/practice_and_grow/ROS2_Udemy/ros2_ws/install/local_setup.bash'
[2.377s] INFO:colcon.colcon_core.shell:Creating prefix chain script '/home/harry5081/Learn/practice_and_grow/ROS2_Udemy/ros2_ws/install/setup.bash'
[2.379s] INFO:colcon.colcon_core.shell:Creating prefix script '/home/harry5081/Learn/practice_and_grow/ROS2_Udemy/ros2_ws/install/local_setup.zsh'
[2.380s] INFO:colcon.colcon_core.shell:Creating prefix chain script '/home/harry5081/Learn/practice_and_grow/ROS2_Udemy/ros2_ws/install/setup.zsh'
