[0.419s] DEBUG:colcon:Command line arguments: ['/usr/bin/colcon', 'build']
[0.419s] DEBUG:colcon:Parsed command line arguments: Namespace(allow_overriding=[], ament_cmake_args=None, base_paths=['.'], build_base='build', catkin_cmake_args=None, catkin_skip_building_tests=False, cmake_args=None, cmake_clean_cache=False, cmake_clean_first=False, cmake_force_configure=False, cmake_target=None, cmake_target_skip_unavailable=False, continue_on_error=False, event_handlers=None, executor='parallel', ignore_user_meta=False, install_base='install', log_base=None, log_level=None, main=<bound method BuildVerb.main of <colcon_core.verb.build.BuildVerb object at 0x7f7df2e6b4c0>>, merge_install=False, metas=['./colcon.meta'], packages_above=None, packages_above_and_dependencies=None, packages_above_depth=None, packages_end=None, packages_ignore=None, packages_ignore_regex=None, packages_select=None, packages_select_build_failed=False, packages_select_by_dep=None, packages_select_regex=None, packages_select_test_failures=False, packages_skip=None, packages_skip_build_finished=False, packages_skip_by_dep=None, packages_skip_regex=None, packages_skip_test_passed=False, packages_skip_up_to=None, packages_start=None, packages_up_to=None, packages_up_to_regex=None, parallel_workers=4, paths=None, symlink_install=False, test_result_base=None, verb_extension=<colcon_core.verb.build.BuildVerb object at 0x7f7df2e6b4c0>, verb_name='build', verb_parser=<colcon_defaults.argument_parser.defaults.DefaultArgumentsDecorator object at 0x7f7df2e6ba00>)
[0.455s] Level 1:colcon.colcon_core.package_discovery:discover_packages(colcon_meta) check parameters
[0.455s] Level 1:colcon.colcon_core.package_discovery:discover_packages(recursive) check parameters
[0.455s] Level 1:colcon.colcon_core.package_discovery:discover_packages(ignore) check parameters
[0.455s] Level 1:colcon.colcon_core.package_discovery:discover_packages(path) check parameters
[0.455s] Level 1:colcon.colcon_core.package_discovery:discover_packages(colcon_meta) discover
[0.455s] Level 1:colcon.colcon_core.package_discovery:discover_packages(recursive) discover
[0.455s] INFO:colcon.colcon_core.package_discovery:Crawling recursively for packages in '/home/harry5081/Learn/practice_and_grow/ROS2_Udemy/ros2_ws/src'
[0.455s] Level 1:colcon.colcon_core.package_identification:_identify(.) by extensions ['ignore', 'ignore_ament_install']
[0.455s] Level 1:colcon.colcon_core.package_identification:_identify(.) by extension 'ignore'
[0.456s] Level 1:colcon.colcon_core.package_identification:_identify(.) by extension 'ignore_ament_install'
[0.456s] Level 1:colcon.colcon_core.package_identification:_identify(.) by extensions ['colcon_pkg']
[0.456s] Level 1:colcon.colcon_core.package_identification:_identify(.) by extension 'colcon_pkg'
[0.456s] Level 1:colcon.colcon_core.package_identification:_identify(.) by extensions ['colcon_meta']
[0.456s] Level 1:colcon.colcon_core.package_identification:_identify(.) by extension 'colcon_meta'
[0.456s] Level 1:colcon.colcon_core.package_identification:_identify(.) by extensions ['ros']
[0.456s] Level 1:colcon.colcon_core.package_identification:_identify(.) by extension 'ros'
[0.482s] Level 1:colcon.colcon_core.package_identification:_identify(.) by extensions ['cmake', 'python']
[0.482s] Level 1:colcon.colcon_core.package_identification:_identify(.) by extension 'cmake'
[0.482s] Level 1:colcon.colcon_core.package_identification:_identify(.) by extension 'python'
[0.482s] Level 1:colcon.colcon_core.package_identification:_identify(.) by extensions ['python_setup_py']
[0.482s] Level 1:colcon.colcon_core.package_identification:_identify(.) by extension 'python_setup_py'
[0.483s] Level 1:colcon.colcon_core.package_identification:_identify(build) by extensions ['ignore', 'ignore_ament_install']
[0.483s] Level 1:colcon.colcon_core.package_identification:_identify(build) by extension 'ignore'
[0.483s] Level 1:colcon.colcon_core.package_identification:_identify(build) ignored
[0.483s] Level 1:colcon.colcon_core.package_identification:_identify(install) by extensions ['ignore', 'ignore_ament_install']
[0.483s] Level 1:colcon.colcon_core.package_identification:_identify(install) by extension 'ignore'
[0.483s] Level 1:colcon.colcon_core.package_identification:_identify(install) ignored
[0.483s] Level 1:colcon.colcon_core.package_identification:_identify(log) by extensions ['ignore', 'ignore_ament_install']
[0.483s] Level 1:colcon.colcon_core.package_identification:_identify(log) by extension 'ignore'
[0.484s] Level 1:colcon.colcon_core.package_identification:_identify(log) ignored
[0.484s] Level 1:colcon.colcon_core.package_identification:_identify(ros2_app_cpp) by extensions ['ignore', 'ignore_ament_install']
[0.484s] Level 1:colcon.colcon_core.package_identification:_identify(ros2_app_cpp) by extension 'ignore'
[0.484s] Level 1:colcon.colcon_core.package_identification:_identify(ros2_app_cpp) by extension 'ignore_ament_install'
[0.484s] Level 1:colcon.colcon_core.package_identification:_identify(ros2_app_cpp) by extensions ['colcon_pkg']
[0.484s] Level 1:colcon.colcon_core.package_identification:_identify(ros2_app_cpp) by extension 'colcon_pkg'
[0.484s] Level 1:colcon.colcon_core.package_identification:_identify(ros2_app_cpp) by extensions ['colcon_meta']
[0.484s] Level 1:colcon.colcon_core.package_identification:_identify(ros2_app_cpp) by extension 'colcon_meta'
[0.484s] Level 1:colcon.colcon_core.package_identification:_identify(ros2_app_cpp) by extensions ['ros']
[0.484s] Level 1:colcon.colcon_core.package_identification:_identify(ros2_app_cpp) by extension 'ros'
[0.488s] DEBUG:colcon.colcon_core.package_identification:Package 'ros2_app_cpp' with type 'ros.ament_cmake' and name 'ros2_app_cpp'
[0.488s] Level 1:colcon.colcon_core.package_identification:_identify(ros2_app_py) by extensions ['ignore', 'ignore_ament_install']
[0.488s] Level 1:colcon.colcon_core.package_identification:_identify(ros2_app_py) by extension 'ignore'
[0.488s] Level 1:colcon.colcon_core.package_identification:_identify(ros2_app_py) by extension 'ignore_ament_install'
[0.488s] Level 1:colcon.colcon_core.package_identification:_identify(ros2_app_py) by extensions ['colcon_pkg']
[0.488s] Level 1:colcon.colcon_core.package_identification:_identify(ros2_app_py) by extension 'colcon_pkg'
[0.488s] Level 1:colcon.colcon_core.package_identification:_identify(ros2_app_py) by extensions ['colcon_meta']
[0.488s] Level 1:colcon.colcon_core.package_identification:_identify(ros2_app_py) by extension 'colcon_meta'
[0.488s] Level 1:colcon.colcon_core.package_identification:_identify(ros2_app_py) by extensions ['ros']
[0.488s] Level 1:colcon.colcon_core.package_identification:_identify(ros2_app_py) by extension 'ros'
[0.489s] DEBUG:colcon.colcon_core.package_identification:Package 'ros2_app_py' with type 'ros.ament_python' and name 'ros2_app_py'
[0.489s] Level 1:colcon.colcon_core.package_discovery:discover_packages(recursive) using defaults
[0.489s] Level 1:colcon.colcon_core.package_discovery:discover_packages(ignore) discover
[0.489s] Level 1:colcon.colcon_core.package_discovery:discover_packages(ignore) using defaults
[0.489s] Level 1:colcon.colcon_core.package_discovery:discover_packages(path) discover
[0.489s] Level 1:colcon.colcon_core.package_discovery:discover_packages(path) using defaults
[0.518s] Level 1:colcon.colcon_core.package_discovery:discover_packages(prefix_path) check parameters
[0.518s] Level 1:colcon.colcon_core.package_discovery:discover_packages(prefix_path) discover
[0.522s] DEBUG:colcon.colcon_installed_package_information.package_discovery:Found 258 installed packages in /opt/ros/foxy
[0.524s] Level 1:colcon.colcon_core.package_discovery:discover_packages(prefix_path) using defaults
[0.622s] Level 5:colcon.colcon_core.verb:set package 'ros2_app_cpp' build argument 'cmake_args' from command line to 'None'
[0.622s] Level 5:colcon.colcon_core.verb:set package 'ros2_app_cpp' build argument 'cmake_target' from command line to 'None'
[0.622s] Level 5:colcon.colcon_core.verb:set package 'ros2_app_cpp' build argument 'cmake_target_skip_unavailable' from command line to 'False'
[0.622s] Level 5:colcon.colcon_core.verb:set package 'ros2_app_cpp' build argument 'cmake_clean_cache' from command line to 'False'
[0.622s] Level 5:colcon.colcon_core.verb:set package 'ros2_app_cpp' build argument 'cmake_clean_first' from command line to 'False'
[0.622s] Level 5:colcon.colcon_core.verb:set package 'ros2_app_cpp' build argument 'cmake_force_configure' from command line to 'False'
[0.622s] Level 5:colcon.colcon_core.verb:set package 'ros2_app_cpp' build argument 'ament_cmake_args' from command line to 'None'
[0.623s] Level 5:colcon.colcon_core.verb:set package 'ros2_app_cpp' build argument 'catkin_cmake_args' from command line to 'None'
[0.623s] Level 5:colcon.colcon_core.verb:set package 'ros2_app_cpp' build argument 'catkin_skip_building_tests' from command line to 'False'
[0.623s] DEBUG:colcon.colcon_core.verb:Building package 'ros2_app_cpp' with the following arguments: {'ament_cmake_args': None, 'build_base': '/home/harry5081/Learn/practice_and_grow/ROS2_Udemy/ros2_ws/src/build/ros2_app_cpp', 'catkin_cmake_args': None, 'catkin_skip_building_tests': False, 'cmake_args': None, 'cmake_clean_cache': False, 'cmake_clean_first': False, 'cmake_force_configure': False, 'cmake_target': None, 'cmake_target_skip_unavailable': False, 'install_base': '/home/harry5081/Learn/practice_and_grow/ROS2_Udemy/ros2_ws/src/install/ros2_app_cpp', 'merge_install': False, 'path': '/home/harry5081/Learn/practice_and_grow/ROS2_Udemy/ros2_ws/src/ros2_app_cpp', 'symlink_install': False, 'test_result_base': None}
[0.624s] Level 5:colcon.colcon_core.verb:set package 'ros2_app_py' build argument 'cmake_args' from command line to 'None'
[0.624s] Level 5:colcon.colcon_core.verb:set package 'ros2_app_py' build argument 'cmake_target' from command line to 'None'
[0.624s] Level 5:colcon.colcon_core.verb:set package 'ros2_app_py' build argument 'cmake_target_skip_unavailable' from command line to 'False'
[0.624s] Level 5:colcon.colcon_core.verb:set package 'ros2_app_py' build argument 'cmake_clean_cache' from command line to 'False'
[0.624s] Level 5:colcon.colcon_core.verb:set package 'ros2_app_py' build argument 'cmake_clean_first' from command line to 'False'
[0.624s] Level 5:colcon.colcon_core.verb:set package 'ros2_app_py' build argument 'cmake_force_configure' from command line to 'False'
[0.624s] Level 5:colcon.colcon_core.verb:set package 'ros2_app_py' build argument 'ament_cmake_args' from command line to 'None'
[0.624s] Level 5:colcon.colcon_core.verb:set package 'ros2_app_py' build argument 'catkin_cmake_args' from command line to 'None'
[0.624s] Level 5:colcon.colcon_core.verb:set package 'ros2_app_py' build argument 'catkin_skip_building_tests' from command line to 'False'
[0.624s] DEBUG:colcon.colcon_core.verb:Building package 'ros2_app_py' with the following arguments: {'ament_cmake_args': None, 'build_base': '/home/harry5081/Learn/practice_and_grow/ROS2_Udemy/ros2_ws/src/build/ros2_app_py', 'catkin_cmake_args': None, 'catkin_skip_building_tests': False, 'cmake_args': None, 'cmake_clean_cache': False, 'cmake_clean_first': False, 'cmake_force_configure': False, 'cmake_target': None, 'cmake_target_skip_unavailable': False, 'install_base': '/home/harry5081/Learn/practice_and_grow/ROS2_Udemy/ros2_ws/src/install/ros2_app_py', 'merge_install': False, 'path': '/home/harry5081/Learn/practice_and_grow/ROS2_Udemy/ros2_ws/src/ros2_app_py', 'symlink_install': False, 'test_result_base': None}
[0.625s] INFO:colcon.colcon_core.executor:Executing jobs using 'parallel' executor
[0.630s] DEBUG:colcon.colcon_parallel_executor.executor.parallel:run_until_complete
[0.630s] INFO:colcon.colcon_ros.task.ament_cmake.build:Building ROS package in '/home/harry5081/Learn/practice_and_grow/ROS2_Udemy/ros2_ws/src/ros2_app_cpp' with build type 'ament_cmake'
[0.631s] INFO:colcon.colcon_cmake.task.cmake.build:Building CMake package in '/home/harry5081/Learn/practice_and_grow/ROS2_Udemy/ros2_ws/src/ros2_app_cpp'
[0.637s] INFO:colcon.colcon_core.plugin_system:Skipping extension 'colcon_core.shell.bat': Not used on non-Windows systems
[0.637s] INFO:colcon.colcon_core.shell:Skip shell extension 'powershell' for command environment: Not usable outside of PowerShell
[0.637s] DEBUG:colcon.colcon_core.shell:Skip shell extension 'dsv' for command environment
[0.646s] INFO:colcon.colcon_ros.task.ament_python.build:Building ROS package in '/home/harry5081/Learn/practice_and_grow/ROS2_Udemy/ros2_ws/src/ros2_app_py' with build type 'ament_python'
[0.647s] Level 1:colcon.colcon_core.shell:create_environment_hook('ros2_app_py', 'ament_prefix_path')
[0.650s] INFO:colcon.colcon_core.shell:Creating environment hook '/home/harry5081/Learn/practice_and_grow/ROS2_Udemy/ros2_ws/src/install/ros2_app_py/share/ros2_app_py/hook/ament_prefix_path.ps1'
[0.652s] INFO:colcon.colcon_core.shell:Creating environment descriptor '/home/harry5081/Learn/practice_and_grow/ROS2_Udemy/ros2_ws/src/install/ros2_app_py/share/ros2_app_py/hook/ament_prefix_path.dsv'
[0.653s] INFO:colcon.colcon_core.shell:Creating environment hook '/home/harry5081/Learn/practice_and_grow/ROS2_Udemy/ros2_ws/src/install/ros2_app_py/share/ros2_app_py/hook/ament_prefix_path.sh'
[0.655s] INFO:colcon.colcon_core.shell:Skip shell extension 'powershell' for command environment: Not usable outside of PowerShell
[0.655s] DEBUG:colcon.colcon_core.shell:Skip shell extension 'dsv' for command environment
[0.674s] DEBUG:colcon.colcon_core.event_handler.log_command:Invoking command in '/home/harry5081/Learn/practice_and_grow/ROS2_Udemy/ros2_ws/src/build/ros2_app_cpp': CMAKE_PREFIX_PATH=/opt/ros/foxy /usr/local/bin/cmake /home/harry5081/Learn/practice_and_grow/ROS2_Udemy/ros2_ws/src/ros2_app_cpp -DCMAKE_INSTALL_PREFIX=/home/harry5081/Learn/practice_and_grow/ROS2_Udemy/ros2_ws/src/install/ros2_app_cpp
[1.123s] INFO:colcon.colcon_core.task.python.build:Building Python package in '/home/harry5081/Learn/practice_and_grow/ROS2_Udemy/ros2_ws/src/ros2_app_py'
[1.127s] INFO:colcon.colcon_core.shell:Skip shell extension 'powershell' for command environment: Not usable outside of PowerShell
[1.128s] DEBUG:colcon.colcon_core.shell:Skip shell extension 'dsv' for command environment
[2.475s] DEBUG:colcon.colcon_core.event_handler.log_command:Invoking command in '/home/harry5081/Learn/practice_and_grow/ROS2_Udemy/ros2_ws/src/ros2_app_py': PYTHONPATH=/home/harry5081/Learn/practice_and_grow/ROS2_Udemy/ros2_ws/src/build/ros2_app_py/prefix_override:/home/harry5081/Learn/practice_and_grow/ROS2_Udemy/ros2_ws/src/install/ros2_app_py/lib/python3.8/site-packages:${PYTHONPATH} /usr/bin/python3 setup.py egg_info --egg-base ../build/ros2_app_py build --build-base /home/harry5081/Learn/practice_and_grow/ROS2_Udemy/ros2_ws/src/build/ros2_app_py/build install --record /home/harry5081/Learn/practice_and_grow/ROS2_Udemy/ros2_ws/src/build/ros2_app_py/install.log --install-scripts $base/lib/ros2_app_py --single-version-externally-managed
[2.946s] DEBUG:colcon.colcon_core.event_handler.log_command:Invoked command in '/home/harry5081/Learn/practice_and_grow/ROS2_Udemy/ros2_ws/src/ros2_app_py' returned '0': PYTHONPATH=/home/harry5081/Learn/practice_and_grow/ROS2_Udemy/ros2_ws/src/build/ros2_app_py/prefix_override:/home/harry5081/Learn/practice_and_grow/ROS2_Udemy/ros2_ws/src/install/ros2_app_py/lib/python3.8/site-packages:${PYTHONPATH} /usr/bin/python3 setup.py egg_info --egg-base ../build/ros2_app_py build --build-base /home/harry5081/Learn/practice_and_grow/ROS2_Udemy/ros2_ws/src/build/ros2_app_py/build install --record /home/harry5081/Learn/practice_and_grow/ROS2_Udemy/ros2_ws/src/build/ros2_app_py/install.log --install-scripts $base/lib/ros2_app_py --single-version-externally-managed
[2.956s] Level 1:colcon.colcon_core.environment:checking '/home/harry5081/Learn/practice_and_grow/ROS2_Udemy/ros2_ws/src/install/ros2_app_py' for CMake module files
[2.957s] Level 1:colcon.colcon_core.environment:checking '/home/harry5081/Learn/practice_and_grow/ROS2_Udemy/ros2_ws/src/install/ros2_app_py' for CMake config files
[2.958s] Level 1:colcon.colcon_core.environment:checking '/home/harry5081/Learn/practice_and_grow/ROS2_Udemy/ros2_ws/src/install/ros2_app_py/lib'
[2.958s] Level 1:colcon.colcon_core.environment:checking '/home/harry5081/Learn/practice_and_grow/ROS2_Udemy/ros2_ws/src/install/ros2_app_py/bin'
[2.958s] Level 1:colcon.colcon_core.environment:checking '/home/harry5081/Learn/practice_and_grow/ROS2_Udemy/ros2_ws/src/install/ros2_app_py/lib/pkgconfig/ros2_app_py.pc'
[2.959s] Level 1:colcon.colcon_core.environment:checking '/home/harry5081/Learn/practice_and_grow/ROS2_Udemy/ros2_ws/src/install/ros2_app_py/lib/python3.8/site-packages'
[2.959s] Level 1:colcon.colcon_core.shell:create_environment_hook('ros2_app_py', 'pythonpath')
[2.961s] INFO:colcon.colcon_core.shell:Creating environment hook '/home/harry5081/Learn/practice_and_grow/ROS2_Udemy/ros2_ws/src/install/ros2_app_py/share/ros2_app_py/hook/pythonpath.ps1'
[2.962s] INFO:colcon.colcon_core.shell:Creating environment descriptor '/home/harry5081/Learn/practice_and_grow/ROS2_Udemy/ros2_ws/src/install/ros2_app_py/share/ros2_app_py/hook/pythonpath.dsv'
[2.962s] INFO:colcon.colcon_core.shell:Creating environment hook '/home/harry5081/Learn/practice_and_grow/ROS2_Udemy/ros2_ws/src/install/ros2_app_py/share/ros2_app_py/hook/pythonpath.sh'
[2.963s] Level 1:colcon.colcon_core.environment:checking '/home/harry5081/Learn/practice_and_grow/ROS2_Udemy/ros2_ws/src/install/ros2_app_py/bin'
[2.963s] Level 1:colcon.colcon_core.environment:create_environment_scripts_only(ros2_app_py)
[2.968s] INFO:colcon.colcon_core.shell:Creating package script '/home/harry5081/Learn/practice_and_grow/ROS2_Udemy/ros2_ws/src/install/ros2_app_py/share/ros2_app_py/package.ps1'
[2.971s] INFO:colcon.colcon_core.shell:Creating package descriptor '/home/harry5081/Learn/practice_and_grow/ROS2_Udemy/ros2_ws/src/install/ros2_app_py/share/ros2_app_py/package.dsv'
[2.972s] INFO:colcon.colcon_core.shell:Creating package script '/home/harry5081/Learn/practice_and_grow/ROS2_Udemy/ros2_ws/src/install/ros2_app_py/share/ros2_app_py/package.sh'
[2.973s] INFO:colcon.colcon_core.shell:Creating package script '/home/harry5081/Learn/practice_and_grow/ROS2_Udemy/ros2_ws/src/install/ros2_app_py/share/ros2_app_py/package.bash'
[2.974s] INFO:colcon.colcon_core.shell:Creating package script '/home/harry5081/Learn/practice_and_grow/ROS2_Udemy/ros2_ws/src/install/ros2_app_py/share/ros2_app_py/package.zsh'
[2.975s] Level 1:colcon.colcon_core.environment:create_file_with_runtime_dependencies(/home/harry5081/Learn/practice_and_grow/ROS2_Udemy/ros2_ws/src/install/ros2_app_py/share/colcon-core/packages/ros2_app_py)
[3.269s] DEBUG:colcon.colcon_core.event_handler.log_command:Invoked command in '/home/harry5081/Learn/practice_and_grow/ROS2_Udemy/ros2_ws/src/build/ros2_app_cpp' returned '0': CMAKE_PREFIX_PATH=/opt/ros/foxy /usr/local/bin/cmake /home/harry5081/Learn/practice_and_grow/ROS2_Udemy/ros2_ws/src/ros2_app_cpp -DCMAKE_INSTALL_PREFIX=/home/harry5081/Learn/practice_and_grow/ROS2_Udemy/ros2_ws/src/install/ros2_app_cpp
[3.274s] DEBUG:colcon.colcon_core.event_handler.log_command:Invoking command in '/home/harry5081/Learn/practice_and_grow/ROS2_Udemy/ros2_ws/src/build/ros2_app_cpp': CMAKE_PREFIX_PATH=/opt/ros/foxy /usr/local/bin/cmake --build /home/harry5081/Learn/practice_and_grow/ROS2_Udemy/ros2_ws/src/build/ros2_app_cpp -- -j4 -l4
[3.301s] DEBUG:colcon.colcon_core.event_handler.log_command:Invoked command in '/home/harry5081/Learn/practice_and_grow/ROS2_Udemy/ros2_ws/src/build/ros2_app_cpp' returned '0': CMAKE_PREFIX_PATH=/opt/ros/foxy /usr/local/bin/cmake --build /home/harry5081/Learn/practice_and_grow/ROS2_Udemy/ros2_ws/src/build/ros2_app_cpp -- -j4 -l4
[3.337s] DEBUG:colcon.colcon_core.event_handler.log_command:Invoking command in '/home/harry5081/Learn/practice_and_grow/ROS2_Udemy/ros2_ws/src/build/ros2_app_cpp': CMAKE_PREFIX_PATH=/opt/ros/foxy /usr/local/bin/cmake --install /home/harry5081/Learn/practice_and_grow/ROS2_Udemy/ros2_ws/src/build/ros2_app_cpp
[3.349s] Level 1:colcon.colcon_core.environment:create_environment_scripts_only(ros2_app_cpp)
[3.352s] Level 1:colcon.colcon_core.environment:checking '/home/harry5081/Learn/practice_and_grow/ROS2_Udemy/ros2_ws/src/install/ros2_app_cpp' for CMake module files
[3.353s] DEBUG:colcon.colcon_core.event_handler.log_command:Invoked command in '/home/harry5081/Learn/practice_and_grow/ROS2_Udemy/ros2_ws/src/build/ros2_app_cpp' returned '0': CMAKE_PREFIX_PATH=/opt/ros/foxy /usr/local/bin/cmake --install /home/harry5081/Learn/practice_and_grow/ROS2_Udemy/ros2_ws/src/build/ros2_app_cpp
[3.353s] Level 1:colcon.colcon_core.environment:checking '/home/harry5081/Learn/practice_and_grow/ROS2_Udemy/ros2_ws/src/install/ros2_app_cpp' for CMake config files
[3.354s] Level 1:colcon.colcon_core.shell:create_environment_hook('ros2_app_cpp', 'cmake_prefix_path')
[3.356s] INFO:colcon.colcon_core.shell:Creating environment hook '/home/harry5081/Learn/practice_and_grow/ROS2_Udemy/ros2_ws/src/install/ros2_app_cpp/share/ros2_app_cpp/hook/cmake_prefix_path.ps1'
[3.356s] INFO:colcon.colcon_core.shell:Creating environment descriptor '/home/harry5081/Learn/practice_and_grow/ROS2_Udemy/ros2_ws/src/install/ros2_app_cpp/share/ros2_app_cpp/hook/cmake_prefix_path.dsv'
[3.357s] INFO:colcon.colcon_core.shell:Creating environment hook '/home/harry5081/Learn/practice_and_grow/ROS2_Udemy/ros2_ws/src/install/ros2_app_cpp/share/ros2_app_cpp/hook/cmake_prefix_path.sh'
[3.358s] Level 1:colcon.colcon_core.environment:checking '/home/harry5081/Learn/practice_and_grow/ROS2_Udemy/ros2_ws/src/install/ros2_app_cpp/bin'
[3.358s] Level 1:colcon.colcon_core.environment:checking '/home/harry5081/Learn/practice_and_grow/ROS2_Udemy/ros2_ws/src/install/ros2_app_cpp/lib/pkgconfig/ros2_app_cpp.pc'
[3.358s] Level 1:colcon.colcon_core.environment:checking '/home/harry5081/Learn/practice_and_grow/ROS2_Udemy/ros2_ws/src/install/ros2_app_cpp/lib/python3.8/site-packages'
[3.358s] Level 1:colcon.colcon_core.environment:checking '/home/harry5081/Learn/practice_and_grow/ROS2_Udemy/ros2_ws/src/install/ros2_app_cpp/bin'
[3.360s] INFO:colcon.colcon_core.shell:Creating package script '/home/harry5081/Learn/practice_and_grow/ROS2_Udemy/ros2_ws/src/install/ros2_app_cpp/share/ros2_app_cpp/package.ps1'
[3.361s] INFO:colcon.colcon_core.shell:Creating package descriptor '/home/harry5081/Learn/practice_and_grow/ROS2_Udemy/ros2_ws/src/install/ros2_app_cpp/share/ros2_app_cpp/package.dsv'
[3.361s] INFO:colcon.colcon_core.shell:Creating package script '/home/harry5081/Learn/practice_and_grow/ROS2_Udemy/ros2_ws/src/install/ros2_app_cpp/share/ros2_app_cpp/package.sh'
[3.362s] INFO:colcon.colcon_core.shell:Creating package script '/home/harry5081/Learn/practice_and_grow/ROS2_Udemy/ros2_ws/src/install/ros2_app_cpp/share/ros2_app_cpp/package.bash'
[3.362s] INFO:colcon.colcon_core.shell:Creating package script '/home/harry5081/Learn/practice_and_grow/ROS2_Udemy/ros2_ws/src/install/ros2_app_cpp/share/ros2_app_cpp/package.zsh'
[3.363s] Level 1:colcon.colcon_core.environment:create_file_with_runtime_dependencies(/home/harry5081/Learn/practice_and_grow/ROS2_Udemy/ros2_ws/src/install/ros2_app_cpp/share/colcon-core/packages/ros2_app_cpp)
[3.386s] Level 1:colcon.colcon_core.environment:create_environment_scripts_only(ros2_app_cpp)
[3.391s] Level 1:colcon.colcon_core.environment:checking '/home/harry5081/Learn/practice_and_grow/ROS2_Udemy/ros2_ws/src/install/ros2_app_cpp' for CMake module files
[3.392s] Level 1:colcon.colcon_core.environment:checking '/home/harry5081/Learn/practice_and_grow/ROS2_Udemy/ros2_ws/src/install/ros2_app_cpp' for CMake config files
[3.392s] Level 1:colcon.colcon_core.shell:create_environment_hook('ros2_app_cpp', 'cmake_prefix_path')
[3.394s] INFO:colcon.colcon_core.shell:Creating environment hook '/home/harry5081/Learn/practice_and_grow/ROS2_Udemy/ros2_ws/src/install/ros2_app_cpp/share/ros2_app_cpp/hook/cmake_prefix_path.ps1'
[3.395s] INFO:colcon.colcon_core.shell:Creating environment descriptor '/home/harry5081/Learn/practice_and_grow/ROS2_Udemy/ros2_ws/src/install/ros2_app_cpp/share/ros2_app_cpp/hook/cmake_prefix_path.dsv'
[3.396s] INFO:colcon.colcon_core.shell:Creating environment hook '/home/harry5081/Learn/practice_and_grow/ROS2_Udemy/ros2_ws/src/install/ros2_app_cpp/share/ros2_app_cpp/hook/cmake_prefix_path.sh'
[3.397s] Level 1:colcon.colcon_core.environment:checking '/home/harry5081/Learn/practice_and_grow/ROS2_Udemy/ros2_ws/src/install/ros2_app_cpp/bin'
[3.398s] Level 1:colcon.colcon_core.environment:checking '/home/harry5081/Learn/practice_and_grow/ROS2_Udemy/ros2_ws/src/install/ros2_app_cpp/lib/pkgconfig/ros2_app_cpp.pc'
[3.398s] Level 1:colcon.colcon_core.environment:checking '/home/harry5081/Learn/practice_and_grow/ROS2_Udemy/ros2_ws/src/install/ros2_app_cpp/lib/python3.8/site-packages'
[3.399s] Level 1:colcon.colcon_core.environment:checking '/home/harry5081/Learn/practice_and_grow/ROS2_Udemy/ros2_ws/src/install/ros2_app_cpp/bin'
[3.402s] INFO:colcon.colcon_core.shell:Creating package script '/home/harry5081/Learn/practice_and_grow/ROS2_Udemy/ros2_ws/src/install/ros2_app_cpp/share/ros2_app_cpp/package.ps1'
[3.403s] INFO:colcon.colcon_core.shell:Creating package descriptor '/home/harry5081/Learn/practice_and_grow/ROS2_Udemy/ros2_ws/src/install/ros2_app_cpp/share/ros2_app_cpp/package.dsv'
[3.404s] INFO:colcon.colcon_core.shell:Creating package script '/home/harry5081/Learn/practice_and_grow/ROS2_Udemy/ros2_ws/src/install/ros2_app_cpp/share/ros2_app_cpp/package.sh'
[3.405s] INFO:colcon.colcon_core.shell:Creating package script '/home/harry5081/Learn/practice_and_grow/ROS2_Udemy/ros2_ws/src/install/ros2_app_cpp/share/ros2_app_cpp/package.bash'
[3.406s] INFO:colcon.colcon_core.shell:Creating package script '/home/harry5081/Learn/practice_and_grow/ROS2_Udemy/ros2_ws/src/install/ros2_app_cpp/share/ros2_app_cpp/package.zsh'
[3.406s] Level 1:colcon.colcon_core.environment:create_file_with_runtime_dependencies(/home/harry5081/Learn/practice_and_grow/ROS2_Udemy/ros2_ws/src/install/ros2_app_cpp/share/colcon-core/packages/ros2_app_cpp)
[3.407s] DEBUG:colcon.colcon_parallel_executor.executor.parallel:closing loop
[3.408s] DEBUG:colcon.colcon_parallel_executor.executor.parallel:loop closed
[3.408s] DEBUG:colcon.colcon_parallel_executor.executor.parallel:run_until_complete finished with '0'
[3.409s] DEBUG:colcon.colcon_core.event_reactor:joining thread
[3.418s] INFO:colcon.colcon_core.plugin_system:Skipping extension 'colcon_notification.desktop_notification.terminal_notifier': Not used on non-Darwin systems
[3.419s] INFO:colcon.colcon_core.plugin_system:Skipping extension 'colcon_notification.desktop_notification.win32': Not used on non-Windows systems
[3.419s] INFO:colcon.colcon_notification.desktop_notification:Sending desktop notification using 'notify2'
[3.454s] DEBUG:colcon.colcon_core.event_reactor:joined thread
[3.457s] INFO:colcon.colcon_core.shell:Creating prefix script '/home/harry5081/Learn/practice_and_grow/ROS2_Udemy/ros2_ws/src/install/local_setup.ps1'
[3.460s] INFO:colcon.colcon_core.shell:Creating prefix util module '/home/harry5081/Learn/practice_and_grow/ROS2_Udemy/ros2_ws/src/install/_local_setup_util_ps1.py'
[3.462s] INFO:colcon.colcon_core.shell:Creating prefix chain script '/home/harry5081/Learn/practice_and_grow/ROS2_Udemy/ros2_ws/src/install/setup.ps1'
[3.465s] INFO:colcon.colcon_core.shell:Creating prefix script '/home/harry5081/Learn/practice_and_grow/ROS2_Udemy/ros2_ws/src/install/local_setup.sh'
[3.466s] INFO:colcon.colcon_core.shell:Creating prefix util module '/home/harry5081/Learn/practice_and_grow/ROS2_Udemy/ros2_ws/src/install/_local_setup_util_sh.py'
[3.467s] INFO:colcon.colcon_core.shell:Creating prefix chain script '/home/harry5081/Learn/practice_and_grow/ROS2_Udemy/ros2_ws/src/install/setup.sh'
[3.470s] INFO:colcon.colcon_core.shell:Creating prefix script '/home/harry5081/Learn/practice_and_grow/ROS2_Udemy/ros2_ws/src/install/local_setup.bash'
[3.471s] INFO:colcon.colcon_core.shell:Creating prefix chain script '/home/harry5081/Learn/practice_and_grow/ROS2_Udemy/ros2_ws/src/install/setup.bash'
[3.475s] INFO:colcon.colcon_core.shell:Creating prefix script '/home/harry5081/Learn/practice_and_grow/ROS2_Udemy/ros2_ws/src/install/local_setup.zsh'
[3.479s] INFO:colcon.colcon_core.shell:Creating prefix chain script '/home/harry5081/Learn/practice_and_grow/ROS2_Udemy/ros2_ws/src/install/setup.zsh'
