[0.049s] Invoking command in '/home/harry5081/Learn/practice_and_grow/ROS2_Udemy/ros2_ws/build/ros2_app_cpp': CMAKE_PREFIX_PATH=${CMAKE_PREFIX_PATH}:/home/harry5081/Learn/practice_and_grow/ROS2_Udemy/ros2_ws/src/install/ros2_app_py:/opt/ros/foxy /usr/local/bin/cmake /home/harry5081/Learn/practice_and_grow/ROS2_Udemy/ros2_ws/src/ros2_app_cpp -DCMAKE_INSTALL_PREFIX=/home/harry5081/Learn/practice_and_grow/ROS2_Udemy/ros2_ws/install/ros2_app_cpp
[0.521s] -- The C compiler identification is GNU 9.4.0
[0.522s] -- The CXX compiler identification is GNU 9.4.0
[0.522s] -- Detecting C compiler ABI info
[0.522s] -- Detecting C compiler ABI info - done
[0.522s] -- Check for working C compiler: /usr/bin/cc - skipped
[0.522s] -- Detecting C compile features
[0.523s] -- Detecting C compile features - done
[0.523s] -- Detecting CXX compiler ABI info
[0.523s] -- Detecting CXX compiler ABI info - done
[0.551s] -- Check for working CXX compiler: /usr/bin/c++ - skipped
[0.553s] -- Detecting CXX compile features
[0.553s] -- Detecting CXX compile features - done
[0.562s] -- Found ament_cmake: 0.9.11 (/opt/ros/foxy/share/ament_cmake/cmake)
[0.658s] -- Found PythonInterp: /usr/bin/python3 (found suitable version "3.8.10", minimum required is "3") 
[0.658s] -- Using PYTHON_EXECUTABLE: /usr/bin/python3
[1.018s] -- Found rclcpp: 2.4.2 (/opt/ros/foxy/share/rclcpp/cmake)
[1.133s] -- Using all available rosidl_typesupport_c: rosidl_typesupport_fastrtps_c;rosidl_typesupport_introspection_c
[1.151s] -- Found rosidl_adapter: 1.3.0 (/opt/ros/foxy/share/rosidl_adapter/cmake)
[1.374s] -- Found OpenSSL: /usr/lib/x86_64-linux-gnu/libcrypto.so (found version "1.1.1f")  
[1.500s] -- Found FastRTPS: /opt/ros/foxy/include  
[1.752s] -- Using all available rosidl_typesupport_cpp: rosidl_typesupport_fastrtps_cpp;rosidl_typesupport_introspection_cpp
[1.875s] -- Found rmw_implementation_cmake: 1.0.4 (/opt/ros/foxy/share/rmw_implementation_cmake/cmake)
[1.877s] -- Using RMW implementation 'rmw_fastrtps_cpp' as default
[1.879s] -- Performing Test CMAKE_HAVE_LIBC_PTHREAD
[1.971s] -- Performing Test CMAKE_HAVE_LIBC_PTHREAD - Failed
[1.972s] -- Looking for pthread_create in pthreads
[2.039s] -- Looking for pthread_create in pthreads - not found
[2.039s] -- Looking for pthread_create in pthread
[2.144s] -- Looking for pthread_create in pthread - found
[2.146s] -- Found Threads: TRUE  
[2.462s] -- Found ament_lint_auto: 0.9.8 (/opt/ros/foxy/share/ament_lint_auto/cmake)
[2.575s] -- Added test 'copyright' to check source files copyright and LICENSE
[2.578s] -- Added test 'lint_cmake' to check CMake code style
[2.579s] -- Added test 'xmllint' to check XML markup files
[2.581s] -- Configuring done (2.5s)
[2.587s] -- Generating done (0.0s)
[2.590s] -- Build files have been written to: /home/harry5081/Learn/practice_and_grow/ROS2_Udemy/ros2_ws/build/ros2_app_cpp
[2.597s] Invoked command in '/home/harry5081/Learn/practice_and_grow/ROS2_Udemy/ros2_ws/build/ros2_app_cpp' returned '0': CMAKE_PREFIX_PATH=${CMAKE_PREFIX_PATH}:/home/harry5081/Learn/practice_and_grow/ROS2_Udemy/ros2_ws/src/install/ros2_app_py:/opt/ros/foxy /usr/local/bin/cmake /home/harry5081/Learn/practice_and_grow/ROS2_Udemy/ros2_ws/src/ros2_app_cpp -DCMAKE_INSTALL_PREFIX=/home/harry5081/Learn/practice_and_grow/ROS2_Udemy/ros2_ws/install/ros2_app_cpp
[2.602s] Invoking command in '/home/harry5081/Learn/practice_and_grow/ROS2_Udemy/ros2_ws/build/ros2_app_cpp': CMAKE_PREFIX_PATH=${CMAKE_PREFIX_PATH}:/home/harry5081/Learn/practice_and_grow/ROS2_Udemy/ros2_ws/src/install/ros2_app_py:/opt/ros/foxy /usr/local/bin/cmake --build /home/harry5081/Learn/practice_and_grow/ROS2_Udemy/ros2_ws/build/ros2_app_cpp -- -j4 -l4
[2.630s] Invoked command in '/home/harry5081/Learn/practice_and_grow/ROS2_Udemy/ros2_ws/build/ros2_app_cpp' returned '0': CMAKE_PREFIX_PATH=${CMAKE_PREFIX_PATH}:/home/harry5081/Learn/practice_and_grow/ROS2_Udemy/ros2_ws/src/install/ros2_app_py:/opt/ros/foxy /usr/local/bin/cmake --build /home/harry5081/Learn/practice_and_grow/ROS2_Udemy/ros2_ws/build/ros2_app_cpp -- -j4 -l4
[2.662s] Invoking command in '/home/harry5081/Learn/practice_and_grow/ROS2_Udemy/ros2_ws/build/ros2_app_cpp': CMAKE_PREFIX_PATH=${CMAKE_PREFIX_PATH}:/home/harry5081/Learn/practice_and_grow/ROS2_Udemy/ros2_ws/src/install/ros2_app_py:/opt/ros/foxy /usr/local/bin/cmake --install /home/harry5081/Learn/practice_and_grow/ROS2_Udemy/ros2_ws/build/ros2_app_cpp
[2.667s] -- Install configuration: ""
[2.667s] -- Installing: /home/harry5081/Learn/practice_and_grow/ROS2_Udemy/ros2_ws/install/ros2_app_cpp/share/ament_index/resource_index/package_run_dependencies/ros2_app_cpp
[2.668s] -- Installing: /home/harry5081/Learn/practice_and_grow/ROS2_Udemy/ros2_ws/install/ros2_app_cpp/share/ament_index/resource_index/parent_prefix_path/ros2_app_cpp
[2.668s] -- Installing: /home/harry5081/Learn/practice_and_grow/ROS2_Udemy/ros2_ws/install/ros2_app_cpp/share/ros2_app_cpp/environment/ament_prefix_path.sh
[2.669s] -- Installing: /home/harry5081/Learn/practice_and_grow/ROS2_Udemy/ros2_ws/install/ros2_app_cpp/share/ros2_app_cpp/environment/ament_prefix_path.dsv
[2.669s] -- Installing: /home/harry5081/Learn/practice_and_grow/ROS2_Udemy/ros2_ws/install/ros2_app_cpp/share/ros2_app_cpp/environment/path.sh
[2.669s] -- Installing: /home/harry5081/Learn/practice_and_grow/ROS2_Udemy/ros2_ws/install/ros2_app_cpp/share/ros2_app_cpp/environment/path.dsv
[2.669s] -- Installing: /home/harry5081/Learn/practice_and_grow/ROS2_Udemy/ros2_ws/install/ros2_app_cpp/share/ros2_app_cpp/local_setup.bash
[2.670s] -- Installing: /home/harry5081/Learn/practice_and_grow/ROS2_Udemy/ros2_ws/install/ros2_app_cpp/share/ros2_app_cpp/local_setup.sh
[2.670s] -- Installing: /home/harry5081/Learn/practice_and_grow/ROS2_Udemy/ros2_ws/install/ros2_app_cpp/share/ros2_app_cpp/local_setup.zsh
[2.670s] -- Installing: /home/harry5081/Learn/practice_and_grow/ROS2_Udemy/ros2_ws/install/ros2_app_cpp/share/ros2_app_cpp/local_setup.dsv
[2.671s] -- Installing: /home/harry5081/Learn/practice_and_grow/ROS2_Udemy/ros2_ws/install/ros2_app_cpp/share/ros2_app_cpp/package.dsv
[2.671s] -- Installing: /home/harry5081/Learn/practice_and_grow/ROS2_Udemy/ros2_ws/install/ros2_app_cpp/share/ament_index/resource_index/packages/ros2_app_cpp
[2.671s] -- Installing: /home/harry5081/Learn/practice_and_grow/ROS2_Udemy/ros2_ws/install/ros2_app_cpp/share/ros2_app_cpp/cmake/ros2_app_cppConfig.cmake
[2.672s] -- Installing: /home/harry5081/Learn/practice_and_grow/ROS2_Udemy/ros2_ws/install/ros2_app_cpp/share/ros2_app_cpp/cmake/ros2_app_cppConfig-version.cmake
[2.672s] -- Installing: /home/harry5081/Learn/practice_and_grow/ROS2_Udemy/ros2_ws/install/ros2_app_cpp/share/ros2_app_cpp/package.xml
[2.678s] Invoked command in '/home/harry5081/Learn/practice_and_grow/ROS2_Udemy/ros2_ws/build/ros2_app_cpp' returned '0': CMAKE_PREFIX_PATH=${CMAKE_PREFIX_PATH}:/home/harry5081/Learn/practice_and_grow/ROS2_Udemy/ros2_ws/src/install/ros2_app_py:/opt/ros/foxy /usr/local/bin/cmake --install /home/harry5081/Learn/practice_and_grow/ROS2_Udemy/ros2_ws/build/ros2_app_cpp
