running egg_info
creating ../../build/ros2_app_py/ros2_app_py.egg-info
writing ../../build/ros2_app_py/ros2_app_py.egg-info/PKG-INFO
writing dependency_links to ../../build/ros2_app_py/ros2_app_py.egg-info/dependency_links.txt
writing entry points to ../../build/ros2_app_py/ros2_app_py.egg-info/entry_points.txt
writing requirements to ../../build/ros2_app_py/ros2_app_py.egg-info/requires.txt
writing top-level names to ../../build/ros2_app_py/ros2_app_py.egg-info/top_level.txt
writing manifest file '../../build/ros2_app_py/ros2_app_py.egg-info/SOURCES.txt'
reading manifest file '../../build/ros2_app_py/ros2_app_py.egg-info/SOURCES.txt'
writing manifest file '../../build/ros2_app_py/ros2_app_py.egg-info/SOURCES.txt'
running build
running build_py
creating /home/harry5081/Learn/practice_and_grow/ROS2_Udemy/ros2_ws/build/ros2_app_py/build
creating /home/harry5081/Learn/practice_and_grow/ROS2_Udemy/ros2_ws/build/ros2_app_py/build/lib
creating /home/harry5081/Learn/practice_and_grow/ROS2_Udemy/ros2_ws/build/ros2_app_py/build/lib/ros2_app_py
copying ros2_app_py/number_publisher.py -> /home/harry5081/Learn/practice_and_grow/ROS2_Udemy/ros2_ws/build/ros2_app_py/build/lib/ros2_app_py
copying ros2_app_py/__init__.py -> /home/harry5081/Learn/practice_and_grow/ROS2_Udemy/ros2_ws/build/ros2_app_py/build/lib/ros2_app_py
running install
running install_lib
creating /home/harry5081/Learn/practice_and_grow/ROS2_Udemy/ros2_ws/install/ros2_app_py/lib/python3.8/site-packages/ros2_app_py
copying /home/harry5081/Learn/practice_and_grow/ROS2_Udemy/ros2_ws/build/ros2_app_py/build/lib/ros2_app_py/number_publisher.py -> /home/harry5081/Learn/practice_and_grow/ROS2_Udemy/ros2_ws/install/ros2_app_py/lib/python3.8/site-packages/ros2_app_py
copying /home/harry5081/Learn/practice_and_grow/ROS2_Udemy/ros2_ws/build/ros2_app_py/build/lib/ros2_app_py/__init__.py -> /home/harry5081/Learn/practice_and_grow/ROS2_Udemy/ros2_ws/install/ros2_app_py/lib/python3.8/site-packages/ros2_app_py
byte-compiling /home/harry5081/Learn/practice_and_grow/ROS2_Udemy/ros2_ws/install/ros2_app_py/lib/python3.8/site-packages/ros2_app_py/number_publisher.py to number_publisher.cpython-38.pyc
byte-compiling /home/harry5081/Learn/practice_and_grow/ROS2_Udemy/ros2_ws/install/ros2_app_py/lib/python3.8/site-packages/ros2_app_py/__init__.py to __init__.cpython-38.pyc
running install_data
creating /home/harry5081/Learn/practice_and_grow/ROS2_Udemy/ros2_ws/install/ros2_app_py/share/ament_index
creating /home/harry5081/Learn/practice_and_grow/ROS2_Udemy/ros2_ws/install/ros2_app_py/share/ament_index/resource_index
creating /home/harry5081/Learn/practice_and_grow/ROS2_Udemy/ros2_ws/install/ros2_app_py/share/ament_index/resource_index/packages
copying resource/ros2_app_py -> /home/harry5081/Learn/practice_and_grow/ROS2_Udemy/ros2_ws/install/ros2_app_py/share/ament_index/resource_index/packages
copying package.xml -> /home/harry5081/Learn/practice_and_grow/ROS2_Udemy/ros2_ws/install/ros2_app_py/share/ros2_app_py
running install_egg_info
Copying ../../build/ros2_app_py/ros2_app_py.egg-info to /home/harry5081/Learn/practice_and_grow/ROS2_Udemy/ros2_ws/install/ros2_app_py/lib/python3.8/site-packages/ros2_app_py-0.0.0-py3.8.egg-info
running install_scripts
Installing number_publisher script to /home/harry5081/Learn/practice_and_grow/ROS2_Udemy/ros2_ws/install/ros2_app_py/lib/ros2_app_py
writing list of installed files to '/home/harry5081/Learn/practice_and_grow/ROS2_Udemy/ros2_ws/build/ros2_app_py/install.log'
