[1.730s] Invoking command in '/home/harry5081/Learn/practice_and_grow/ROS2_Udemy/ros2_ws/src/ros2_app_py': PYTHONPATH=/home/harry5081/Learn/practice_and_grow/ROS2_Udemy/ros2_ws/build/ros2_app_py/prefix_override:/home/harry5081/Learn/practice_and_grow/ROS2_Udemy/ros2_ws/install/ros2_app_py/lib/python3.8/site-packages:${PYTHONPATH} /usr/bin/python3 setup.py egg_info --egg-base ../../build/ros2_app_py build --build-base /home/harry5081/Learn/practice_and_grow/ROS2_Udemy/ros2_ws/build/ros2_app_py/build install --record /home/harry5081/Learn/practice_and_grow/ROS2_Udemy/ros2_ws/build/ros2_app_py/install.log --install-scripts $base/lib/ros2_app_py --single-version-externally-managed
[2.153s] running egg_info
[2.154s] creating ../../build/ros2_app_py/ros2_app_py.egg-info
[2.155s] writing ../../build/ros2_app_py/ros2_app_py.egg-info/PKG-INFO
[2.156s] writing dependency_links to ../../build/ros2_app_py/ros2_app_py.egg-info/dependency_links.txt
[2.157s] writing entry points to ../../build/ros2_app_py/ros2_app_py.egg-info/entry_points.txt
[2.158s] writing requirements to ../../build/ros2_app_py/ros2_app_py.egg-info/requires.txt
[2.159s] writing top-level names to ../../build/ros2_app_py/ros2_app_py.egg-info/top_level.txt
[2.162s] writing manifest file '../../build/ros2_app_py/ros2_app_py.egg-info/SOURCES.txt'
[2.305s] reading manifest file '../../build/ros2_app_py/ros2_app_py.egg-info/SOURCES.txt'
[2.307s] writing manifest file '../../build/ros2_app_py/ros2_app_py.egg-info/SOURCES.txt'
[2.307s] running build
[2.307s] running build_py
[2.308s] creating /home/harry5081/Learn/practice_and_grow/ROS2_Udemy/ros2_ws/build/ros2_app_py/build
[2.308s] creating /home/harry5081/Learn/practice_and_grow/ROS2_Udemy/ros2_ws/build/ros2_app_py/build/lib
[2.308s] creating /home/harry5081/Learn/practice_and_grow/ROS2_Udemy/ros2_ws/build/ros2_app_py/build/lib/ros2_app_py
[2.308s] copying ros2_app_py/number_publisher.py -> /home/harry5081/Learn/practice_and_grow/ROS2_Udemy/ros2_ws/build/ros2_app_py/build/lib/ros2_app_py
[2.309s] copying ros2_app_py/__init__.py -> /home/harry5081/Learn/practice_and_grow/ROS2_Udemy/ros2_ws/build/ros2_app_py/build/lib/ros2_app_py
[2.309s] running install
[2.310s] running install_lib
[2.312s] creating /home/harry5081/Learn/practice_and_grow/ROS2_Udemy/ros2_ws/install/ros2_app_py/lib/python3.8/site-packages/ros2_app_py
[2.313s] copying /home/harry5081/Learn/practice_and_grow/ROS2_Udemy/ros2_ws/build/ros2_app_py/build/lib/ros2_app_py/number_publisher.py -> /home/harry5081/Learn/practice_and_grow/ROS2_Udemy/ros2_ws/install/ros2_app_py/lib/python3.8/site-packages/ros2_app_py
[2.313s] copying /home/harry5081/Learn/practice_and_grow/ROS2_Udemy/ros2_ws/build/ros2_app_py/build/lib/ros2_app_py/__init__.py -> /home/harry5081/Learn/practice_and_grow/ROS2_Udemy/ros2_ws/install/ros2_app_py/lib/python3.8/site-packages/ros2_app_py
[2.314s] byte-compiling /home/harry5081/Learn/practice_and_grow/ROS2_Udemy/ros2_ws/install/ros2_app_py/lib/python3.8/site-packages/ros2_app_py/number_publisher.py to number_publisher.cpython-38.pyc
[2.317s] byte-compiling /home/harry5081/Learn/practice_and_grow/ROS2_Udemy/ros2_ws/install/ros2_app_py/lib/python3.8/site-packages/ros2_app_py/__init__.py to __init__.cpython-38.pyc
[2.317s] running install_data
[2.319s] creating /home/harry5081/Learn/practice_and_grow/ROS2_Udemy/ros2_ws/install/ros2_app_py/share/ament_index
[2.319s] creating /home/harry5081/Learn/practice_and_grow/ROS2_Udemy/ros2_ws/install/ros2_app_py/share/ament_index/resource_index
[2.320s] creating /home/harry5081/Learn/practice_and_grow/ROS2_Udemy/ros2_ws/install/ros2_app_py/share/ament_index/resource_index/packages
[2.320s] copying resource/ros2_app_py -> /home/harry5081/Learn/practice_and_grow/ROS2_Udemy/ros2_ws/install/ros2_app_py/share/ament_index/resource_index/packages
[2.320s] copying package.xml -> /home/harry5081/Learn/practice_and_grow/ROS2_Udemy/ros2_ws/install/ros2_app_py/share/ros2_app_py
[2.321s] running install_egg_info
[2.324s] Copying ../../build/ros2_app_py/ros2_app_py.egg-info to /home/harry5081/Learn/practice_and_grow/ROS2_Udemy/ros2_ws/install/ros2_app_py/lib/python3.8/site-packages/ros2_app_py-0.0.0-py3.8.egg-info
[2.326s] running install_scripts
[2.357s] Installing number_publisher script to /home/harry5081/Learn/practice_and_grow/ROS2_Udemy/ros2_ws/install/ros2_app_py/lib/ros2_app_py
[2.358s] writing list of installed files to '/home/harry5081/Learn/practice_and_grow/ROS2_Udemy/ros2_ws/build/ros2_app_py/install.log'
[2.390s] Invoked command in '/home/harry5081/Learn/practice_and_grow/ROS2_Udemy/ros2_ws/src/ros2_app_py' returned '0': PYTHONPATH=/home/harry5081/Learn/practice_and_grow/ROS2_Udemy/ros2_ws/build/ros2_app_py/prefix_override:/home/harry5081/Learn/practice_and_grow/ROS2_Udemy/ros2_ws/install/ros2_app_py/lib/python3.8/site-packages:${PYTHONPATH} /usr/bin/python3 setup.py egg_info --egg-base ../../build/ros2_app_py build --build-base /home/harry5081/Learn/practice_and_grow/ROS2_Udemy/ros2_ws/build/ros2_app_py/build install --record /home/harry5081/Learn/practice_and_grow/ROS2_Udemy/ros2_ws/build/ros2_app_py/install.log --install-scripts $base/lib/ros2_app_py --single-version-externally-managed
