[1.116s] Invoking command in '/home/harry5081/Learn/practice_and_grow/ROS2_Udemy/ros2_ws/src/ros2_app_py': PYTHONPATH=/home/harry5081/Learn/practice_and_grow/ROS2_Udemy/ros2_ws/build/ros2_app_py/prefix_override:/home/harry5081/Learn/practice_and_grow/ROS2_Udemy/ros2_ws/install/ros2_app_py/lib/python3.8/site-packages:${PYTHONPATH} /usr/bin/python3 setup.py egg_info --egg-base ../../build/ros2_app_py build --build-base /home/harry5081/Learn/practice_and_grow/ROS2_Udemy/ros2_ws/build/ros2_app_py/build install --record /home/harry5081/Learn/practice_and_grow/ROS2_Udemy/ros2_ws/build/ros2_app_py/install.log --install-scripts $base/lib/ros2_app_py --single-version-externally-managed
[1.409s] running egg_info
[1.411s] writing ../../build/ros2_app_py/ros2_app_py.egg-info/PKG-INFO
[1.412s] writing dependency_links to ../../build/ros2_app_py/ros2_app_py.egg-info/dependency_links.txt
[1.412s] writing entry points to ../../build/ros2_app_py/ros2_app_py.egg-info/entry_points.txt
[1.412s] writing requirements to ../../build/ros2_app_py/ros2_app_py.egg-info/requires.txt
[1.413s] writing top-level names to ../../build/ros2_app_py/ros2_app_py.egg-info/top_level.txt
[1.458s] reading manifest file '../../build/ros2_app_py/ros2_app_py.egg-info/SOURCES.txt'
[1.460s] writing manifest file '../../build/ros2_app_py/ros2_app_py.egg-info/SOURCES.txt'
[1.460s] running build
[1.460s] running build_py
[1.461s] copying ros2_app_py/number_publisher.py -> /home/harry5081/Learn/practice_and_grow/ROS2_Udemy/ros2_ws/build/ros2_app_py/build/lib/ros2_app_py
[1.461s] running install
[1.462s] running install_lib
[1.463s] copying /home/harry5081/Learn/practice_and_grow/ROS2_Udemy/ros2_ws/build/ros2_app_py/build/lib/ros2_app_py/number_publisher.py -> /home/harry5081/Learn/practice_and_grow/ROS2_Udemy/ros2_ws/install/ros2_app_py/lib/python3.8/site-packages/ros2_app_py
[1.464s] byte-compiling /home/harry5081/Learn/practice_and_grow/ROS2_Udemy/ros2_ws/install/ros2_app_py/lib/python3.8/site-packages/ros2_app_py/number_publisher.py to number_publisher.cpython-38.pyc
[1.466s] running install_data
[1.467s] running install_egg_info
[1.469s] removing '/home/harry5081/Learn/practice_and_grow/ROS2_Udemy/ros2_ws/install/ros2_app_py/lib/python3.8/site-packages/ros2_app_py-0.0.0-py3.8.egg-info' (and everything under it)
[1.469s] Copying ../../build/ros2_app_py/ros2_app_py.egg-info to /home/harry5081/Learn/practice_and_grow/ROS2_Udemy/ros2_ws/install/ros2_app_py/lib/python3.8/site-packages/ros2_app_py-0.0.0-py3.8.egg-info
[1.470s] running install_scripts
[1.492s] Installing number_publisher script to /home/harry5081/Learn/practice_and_grow/ROS2_Udemy/ros2_ws/install/ros2_app_py/lib/ros2_app_py
[1.493s] writing list of installed files to '/home/harry5081/Learn/practice_and_grow/ROS2_Udemy/ros2_ws/build/ros2_app_py/install.log'
[1.528s] Invoked command in '/home/harry5081/Learn/practice_and_grow/ROS2_Udemy/ros2_ws/src/ros2_app_py' returned '0': PYTHONPATH=/home/harry5081/Learn/practice_and_grow/ROS2_Udemy/ros2_ws/build/ros2_app_py/prefix_override:/home/harry5081/Learn/practice_and_grow/ROS2_Udemy/ros2_ws/install/ros2_app_py/lib/python3.8/site-packages:${PYTHONPATH} /usr/bin/python3 setup.py egg_info --egg-base ../../build/ros2_app_py build --build-base /home/harry5081/Learn/practice_and_grow/ROS2_Udemy/ros2_ws/build/ros2_app_py/build install --record /home/harry5081/Learn/practice_and_grow/ROS2_Udemy/ros2_ws/build/ros2_app_py/install.log --install-scripts $base/lib/ros2_app_py --single-version-externally-managed
