[1.032s] Invoking command in '/home/harry5081/Learn/practice_and_grow/ROS2_Udemy/ros2_ws/src/ros2_app_py': PYTHONPATH=/home/harry5081/Learn/practice_and_grow/ROS2_Udemy/ros2_ws/build/ros2_app_py/prefix_override:/home/harry5081/Learn/practice_and_grow/ROS2_Udemy/ros2_ws/install/ros2_app_py/lib/python3.8/site-packages:${PYTHONPATH} /usr/bin/python3 setup.py egg_info --egg-base ../../build/ros2_app_py build --build-base /home/harry5081/Learn/practice_and_grow/ROS2_Udemy/ros2_ws/build/ros2_app_py/build install --record /home/harry5081/Learn/practice_and_grow/ROS2_Udemy/ros2_ws/build/ros2_app_py/install.log --install-scripts $base/lib/ros2_app_py --single-version-externally-managed
[1.333s] running egg_info
[1.334s] writing ../../build/ros2_app_py/ros2_app_py.egg-info/PKG-INFO
[1.334s] writing dependency_links to ../../build/ros2_app_py/ros2_app_py.egg-info/dependency_links.txt
[1.334s] writing entry points to ../../build/ros2_app_py/ros2_app_py.egg-info/entry_points.txt
[1.335s] writing requirements to ../../build/ros2_app_py/ros2_app_py.egg-info/requires.txt
[1.335s] writing top-level names to ../../build/ros2_app_py/ros2_app_py.egg-info/top_level.txt
[1.383s] reading manifest file '../../build/ros2_app_py/ros2_app_py.egg-info/SOURCES.txt'
[1.384s] writing manifest file '../../build/ros2_app_py/ros2_app_py.egg-info/SOURCES.txt'
[1.384s] running build
[1.384s] running build_py
[1.385s] copying ros2_app_py/number_publisher.py -> /home/harry5081/Learn/practice_and_grow/ROS2_Udemy/ros2_ws/build/ros2_app_py/build/lib/ros2_app_py
[1.385s] running install
[1.386s] running install_lib
[1.387s] copying /home/harry5081/Learn/practice_and_grow/ROS2_Udemy/ros2_ws/build/ros2_app_py/build/lib/ros2_app_py/number_publisher.py -> /home/harry5081/Learn/practice_and_grow/ROS2_Udemy/ros2_ws/install/ros2_app_py/lib/python3.8/site-packages/ros2_app_py
[1.388s] byte-compiling /home/harry5081/Learn/practice_and_grow/ROS2_Udemy/ros2_ws/install/ros2_app_py/lib/python3.8/site-packages/ros2_app_py/number_publisher.py to number_publisher.cpython-38.pyc
[1.390s] running install_data
[1.391s] running install_egg_info
[1.394s] removing '/home/harry5081/Learn/practice_and_grow/ROS2_Udemy/ros2_ws/install/ros2_app_py/lib/python3.8/site-packages/ros2_app_py-0.0.0-py3.8.egg-info' (and everything under it)
[1.394s] Copying ../../build/ros2_app_py/ros2_app_py.egg-info to /home/harry5081/Learn/practice_and_grow/ROS2_Udemy/ros2_ws/install/ros2_app_py/lib/python3.8/site-packages/ros2_app_py-0.0.0-py3.8.egg-info
[1.395s] running install_scripts
[1.418s] Installing number_publisher script to /home/harry5081/Learn/practice_and_grow/ROS2_Udemy/ros2_ws/install/ros2_app_py/lib/ros2_app_py
[1.419s] writing list of installed files to '/home/harry5081/Learn/practice_and_grow/ROS2_Udemy/ros2_ws/build/ros2_app_py/install.log'
[1.453s] Invoked command in '/home/harry5081/Learn/practice_and_grow/ROS2_Udemy/ros2_ws/src/ros2_app_py' returned '0': PYTHONPATH=/home/harry5081/Learn/practice_and_grow/ROS2_Udemy/ros2_ws/build/ros2_app_py/prefix_override:/home/harry5081/Learn/practice_and_grow/ROS2_Udemy/ros2_ws/install/ros2_app_py/lib/python3.8/site-packages:${PYTHONPATH} /usr/bin/python3 setup.py egg_info --egg-base ../../build/ros2_app_py build --build-base /home/harry5081/Learn/practice_and_grow/ROS2_Udemy/ros2_ws/build/ros2_app_py/build install --record /home/harry5081/Learn/practice_and_grow/ROS2_Udemy/ros2_ws/build/ros2_app_py/install.log --install-scripts $base/lib/ros2_app_py --single-version-externally-managed
