[1.827s] Invoking command in '/home/harry5081/Learn/practice_and_grow/ROS2_Udemy/ros2_ws/src/ros2_app_py': PYTHONPATH=/home/harry5081/Learn/practice_and_grow/ROS2_Udemy/ros2_ws/src/build/ros2_app_py/prefix_override:/home/harry5081/Learn/practice_and_grow/ROS2_Udemy/ros2_ws/src/install/ros2_app_py/lib/python3.8/site-packages:${PYTHONPATH} /usr/bin/python3 setup.py egg_info --egg-base ../build/ros2_app_py build --build-base /home/harry5081/Learn/practice_and_grow/ROS2_Udemy/ros2_ws/src/build/ros2_app_py/build install --record /home/harry5081/Learn/practice_and_grow/ROS2_Udemy/ros2_ws/src/build/ros2_app_py/install.log --install-scripts $base/lib/ros2_app_py --single-version-externally-managed
[2.166s] running egg_info
[2.167s] creating ../build/ros2_app_py/ros2_app_py.egg-info
[2.167s] writing ../build/ros2_app_py/ros2_app_py.egg-info/PKG-INFO
[2.168s] writing dependency_links to ../build/ros2_app_py/ros2_app_py.egg-info/dependency_links.txt
[2.168s] writing entry points to ../build/ros2_app_py/ros2_app_py.egg-info/entry_points.txt
[2.168s] writing requirements to ../build/ros2_app_py/ros2_app_py.egg-info/requires.txt
[2.168s] writing top-level names to ../build/ros2_app_py/ros2_app_py.egg-info/top_level.txt
[2.172s] writing manifest file '../build/ros2_app_py/ros2_app_py.egg-info/SOURCES.txt'
[2.222s] reading manifest file '../build/ros2_app_py/ros2_app_py.egg-info/SOURCES.txt'
[2.224s] writing manifest file '../build/ros2_app_py/ros2_app_py.egg-info/SOURCES.txt'
[2.224s] running build
[2.224s] running build_py
[2.225s] creating /home/harry5081/Learn/practice_and_grow/ROS2_Udemy/ros2_ws/src/build/ros2_app_py/build
[2.225s] creating /home/harry5081/Learn/practice_and_grow/ROS2_Udemy/ros2_ws/src/build/ros2_app_py/build/lib
[2.225s] creating /home/harry5081/Learn/practice_and_grow/ROS2_Udemy/ros2_ws/src/build/ros2_app_py/build/lib/ros2_app_py
[2.226s] copying ros2_app_py/number_publisher.py -> /home/harry5081/Learn/practice_and_grow/ROS2_Udemy/ros2_ws/src/build/ros2_app_py/build/lib/ros2_app_py
[2.226s] copying ros2_app_py/__init__.py -> /home/harry5081/Learn/practice_and_grow/ROS2_Udemy/ros2_ws/src/build/ros2_app_py/build/lib/ros2_app_py
[2.226s] running install
[2.227s] running install_lib
[2.229s] creating /home/harry5081/Learn/practice_and_grow/ROS2_Udemy/ros2_ws/src/install/ros2_app_py/lib/python3.8/site-packages/ros2_app_py
[2.230s] copying /home/harry5081/Learn/practice_and_grow/ROS2_Udemy/ros2_ws/src/build/ros2_app_py/build/lib/ros2_app_py/number_publisher.py -> /home/harry5081/Learn/practice_and_grow/ROS2_Udemy/ros2_ws/src/install/ros2_app_py/lib/python3.8/site-packages/ros2_app_py
[2.231s] copying /home/harry5081/Learn/practice_and_grow/ROS2_Udemy/ros2_ws/src/build/ros2_app_py/build/lib/ros2_app_py/__init__.py -> /home/harry5081/Learn/practice_and_grow/ROS2_Udemy/ros2_ws/src/install/ros2_app_py/lib/python3.8/site-packages/ros2_app_py
[2.231s] byte-compiling /home/harry5081/Learn/practice_and_grow/ROS2_Udemy/ros2_ws/src/install/ros2_app_py/lib/python3.8/site-packages/ros2_app_py/number_publisher.py to number_publisher.cpython-38.pyc
[2.233s] byte-compiling /home/harry5081/Learn/practice_and_grow/ROS2_Udemy/ros2_ws/src/install/ros2_app_py/lib/python3.8/site-packages/ros2_app_py/__init__.py to __init__.cpython-38.pyc
[2.238s] running install_data
[2.238s] creating /home/harry5081/Learn/practice_and_grow/ROS2_Udemy/ros2_ws/src/install/ros2_app_py/share/ament_index
[2.238s] creating /home/harry5081/Learn/practice_and_grow/ROS2_Udemy/ros2_ws/src/install/ros2_app_py/share/ament_index/resource_index
[2.239s] creating /home/harry5081/Learn/practice_and_grow/ROS2_Udemy/ros2_ws/src/install/ros2_app_py/share/ament_index/resource_index/packages
[2.239s] copying resource/ros2_app_py -> /home/harry5081/Learn/practice_and_grow/ROS2_Udemy/ros2_ws/src/install/ros2_app_py/share/ament_index/resource_index/packages
[2.239s] copying package.xml -> /home/harry5081/Learn/practice_and_grow/ROS2_Udemy/ros2_ws/src/install/ros2_app_py/share/ros2_app_py
[2.239s] running install_egg_info
[2.239s] Copying ../build/ros2_app_py/ros2_app_py.egg-info to /home/harry5081/Learn/practice_and_grow/ROS2_Udemy/ros2_ws/src/install/ros2_app_py/lib/python3.8/site-packages/ros2_app_py-0.0.0-py3.8.egg-info
[2.240s] running install_scripts
[2.264s] Installing number_publisher script to /home/harry5081/Learn/practice_and_grow/ROS2_Udemy/ros2_ws/src/install/ros2_app_py/lib/ros2_app_py
[2.264s] writing list of installed files to '/home/harry5081/Learn/practice_and_grow/ROS2_Udemy/ros2_ws/src/build/ros2_app_py/install.log'
[2.300s] Invoked command in '/home/harry5081/Learn/practice_and_grow/ROS2_Udemy/ros2_ws/src/ros2_app_py' returned '0': PYTHONPATH=/home/harry5081/Learn/practice_and_grow/ROS2_Udemy/ros2_ws/src/build/ros2_app_py/prefix_override:/home/harry5081/Learn/practice_and_grow/ROS2_Udemy/ros2_ws/src/install/ros2_app_py/lib/python3.8/site-packages:${PYTHONPATH} /usr/bin/python3 setup.py egg_info --egg-base ../build/ros2_app_py build --build-base /home/harry5081/Learn/practice_and_grow/ROS2_Udemy/ros2_ws/src/build/ros2_app_py/build install --record /home/harry5081/Learn/practice_and_grow/ROS2_Udemy/ros2_ws/src/build/ros2_app_py/install.log --install-scripts $base/lib/ros2_app_py --single-version-externally-managed
