[0.042s] Invoking command in '/home/harry5081/Learn/practice_and_grow/ROS2_Udemy/ros2_ws/src/build/ros2_app_cpp': CMAKE_PREFIX_PATH=/opt/ros/foxy /usr/local/bin/cmake /home/harry5081/Learn/practice_and_grow/ROS2_Udemy/ros2_ws/src/ros2_app_cpp -DCMAKE_INSTALL_PREFIX=/home/harry5081/Learn/practice_and_grow/ROS2_Udemy/ros2_ws/src/install/ros2_app_cpp
[0.128s] -- The C compiler identification is GNU 9.4.0
[0.219s] -- The CXX compiler identification is GNU 9.4.0
[0.243s] -- Detecting C compiler ABI info
[0.328s] -- Detecting C compiler ABI info - done
[0.345s] -- Check for working C compiler: /usr/bin/cc - skipped
[0.348s] -- Detecting C compile features
[0.348s] -- Detecting C compile features - done
[0.354s] -- Detecting CXX compiler ABI info
[0.526s] -- Detecting CXX compiler ABI info - done
[0.612s] -- Check for working CXX compiler: /usr/bin/c++ - skipped
[0.613s] -- Detecting CXX compile features
[0.617s] -- Detecting CXX compile features - done
[0.636s] -- Found ament_cmake: 0.9.11 (/opt/ros/foxy/share/ament_cmake/cmake)
[0.688s] -- Found PythonInterp: /usr/bin/python3 (found suitable version "3.8.10", minimum required is "3") 
[0.688s] -- Using PYTHON_EXECUTABLE: /usr/bin/python3
[1.195s] -- Found rclcpp: 2.4.2 (/opt/ros/foxy/share/rclcpp/cmake)
[1.344s] -- Using all available rosidl_typesupport_c: rosidl_typesupport_fastrtps_c;rosidl_typesupport_introspection_c
[1.366s] -- Found rosidl_adapter: 1.3.0 (/opt/ros/foxy/share/rosidl_adapter/cmake)
[1.628s] -- Found OpenSSL: /usr/lib/x86_64-linux-gnu/libcrypto.so (found version "1.1.1f")  
[1.735s] -- Found FastRTPS: /opt/ros/foxy/include  
[1.917s] -- Using all available rosidl_typesupport_cpp: rosidl_typesupport_fastrtps_cpp;rosidl_typesupport_introspection_cpp
[2.003s] -- Found rmw_implementation_cmake: 1.0.4 (/opt/ros/foxy/share/rmw_implementation_cmake/cmake)
[2.006s] -- Using RMW implementation 'rmw_fastrtps_cpp' as default
[2.007s] -- Performing Test CMAKE_HAVE_LIBC_PTHREAD
[2.096s] -- Performing Test CMAKE_HAVE_LIBC_PTHREAD - Failed
[2.096s] -- Looking for pthread_create in pthreads
[2.159s] -- Looking for pthread_create in pthreads - not found
[2.160s] -- Looking for pthread_create in pthread
[2.250s] -- Looking for pthread_create in pthread - found
[2.253s] -- Found Threads: TRUE  
[2.491s] -- Found ament_lint_auto: 0.9.8 (/opt/ros/foxy/share/ament_lint_auto/cmake)
[2.608s] -- Added test 'copyright' to check source files copyright and LICENSE
[2.611s] -- Added test 'lint_cmake' to check CMake code style
[2.613s] -- Added test 'xmllint' to check XML markup files
[2.616s] -- Configuring done (2.6s)
[2.624s] -- Generating done (0.0s)
[2.627s] -- Build files have been written to: /home/harry5081/Learn/practice_and_grow/ROS2_Udemy/ros2_ws/src/build/ros2_app_cpp
[2.637s] Invoked command in '/home/harry5081/Learn/practice_and_grow/ROS2_Udemy/ros2_ws/src/build/ros2_app_cpp' returned '0': CMAKE_PREFIX_PATH=/opt/ros/foxy /usr/local/bin/cmake /home/harry5081/Learn/practice_and_grow/ROS2_Udemy/ros2_ws/src/ros2_app_cpp -DCMAKE_INSTALL_PREFIX=/home/harry5081/Learn/practice_and_grow/ROS2_Udemy/ros2_ws/src/install/ros2_app_cpp
[2.642s] Invoking command in '/home/harry5081/Learn/practice_and_grow/ROS2_Udemy/ros2_ws/src/build/ros2_app_cpp': CMAKE_PREFIX_PATH=/opt/ros/foxy /usr/local/bin/cmake --build /home/harry5081/Learn/practice_and_grow/ROS2_Udemy/ros2_ws/src/build/ros2_app_cpp -- -j4 -l4
[2.670s] Invoked command in '/home/harry5081/Learn/practice_and_grow/ROS2_Udemy/ros2_ws/src/build/ros2_app_cpp' returned '0': CMAKE_PREFIX_PATH=/opt/ros/foxy /usr/local/bin/cmake --build /home/harry5081/Learn/practice_and_grow/ROS2_Udemy/ros2_ws/src/build/ros2_app_cpp -- -j4 -l4
[2.705s] Invoking command in '/home/harry5081/Learn/practice_and_grow/ROS2_Udemy/ros2_ws/src/build/ros2_app_cpp': CMAKE_PREFIX_PATH=/opt/ros/foxy /usr/local/bin/cmake --install /home/harry5081/Learn/practice_and_grow/ROS2_Udemy/ros2_ws/src/build/ros2_app_cpp
[2.710s] -- Install configuration: ""
[2.711s] -- Installing: /home/harry5081/Learn/practice_and_grow/ROS2_Udemy/ros2_ws/src/install/ros2_app_cpp/share/ament_index/resource_index/package_run_dependencies/ros2_app_cpp
[2.711s] -- Installing: /home/harry5081/Learn/practice_and_grow/ROS2_Udemy/ros2_ws/src/install/ros2_app_cpp/share/ament_index/resource_index/parent_prefix_path/ros2_app_cpp
[2.712s] -- Installing: /home/harry5081/Learn/practice_and_grow/ROS2_Udemy/ros2_ws/src/install/ros2_app_cpp/share/ros2_app_cpp/environment/ament_prefix_path.sh
[2.712s] -- Installing: /home/harry5081/Learn/practice_and_grow/ROS2_Udemy/ros2_ws/src/install/ros2_app_cpp/share/ros2_app_cpp/environment/ament_prefix_path.dsv
[2.712s] -- Installing: /home/harry5081/Learn/practice_and_grow/ROS2_Udemy/ros2_ws/src/install/ros2_app_cpp/share/ros2_app_cpp/environment/path.sh
[2.713s] -- Installing: /home/harry5081/Learn/practice_and_grow/ROS2_Udemy/ros2_ws/src/install/ros2_app_cpp/share/ros2_app_cpp/environment/path.dsv
[2.713s] -- Installing: /home/harry5081/Learn/practice_and_grow/ROS2_Udemy/ros2_ws/src/install/ros2_app_cpp/share/ros2_app_cpp/local_setup.bash
[2.713s] -- Installing: /home/harry5081/Learn/practice_and_grow/ROS2_Udemy/ros2_ws/src/install/ros2_app_cpp/share/ros2_app_cpp/local_setup.sh
[2.714s] -- Installing: /home/harry5081/Learn/practice_and_grow/ROS2_Udemy/ros2_ws/src/install/ros2_app_cpp/share/ros2_app_cpp/local_setup.zsh
[2.714s] -- Installing: /home/harry5081/Learn/practice_and_grow/ROS2_Udemy/ros2_ws/src/install/ros2_app_cpp/share/ros2_app_cpp/local_setup.dsv
[2.714s] -- Installing: /home/harry5081/Learn/practice_and_grow/ROS2_Udemy/ros2_ws/src/install/ros2_app_cpp/share/ros2_app_cpp/package.dsv
[2.715s] -- Installing: /home/harry5081/Learn/practice_and_grow/ROS2_Udemy/ros2_ws/src/install/ros2_app_cpp/share/ament_index/resource_index/packages/ros2_app_cpp
[2.715s] -- Installing: /home/harry5081/Learn/practice_and_grow/ROS2_Udemy/ros2_ws/src/install/ros2_app_cpp/share/ros2_app_cpp/cmake/ros2_app_cppConfig.cmake
[2.715s] -- Installing: /home/harry5081/Learn/practice_and_grow/ROS2_Udemy/ros2_ws/src/install/ros2_app_cpp/share/ros2_app_cpp/cmake/ros2_app_cppConfig-version.cmake
[2.716s] -- Installing: /home/harry5081/Learn/practice_and_grow/ROS2_Udemy/ros2_ws/src/install/ros2_app_cpp/share/ros2_app_cpp/package.xml
[2.721s] Invoked command in '/home/harry5081/Learn/practice_and_grow/ROS2_Udemy/ros2_ws/src/build/ros2_app_cpp' returned '0': CMAKE_PREFIX_PATH=/opt/ros/foxy /usr/local/bin/cmake --install /home/harry5081/Learn/practice_and_grow/ROS2_Udemy/ros2_ws/src/build/ros2_app_cpp
